2018-05-20 16:23:29 - Context initialization failed
 ERRORorg.springframework.beans.factory.parsing.BeanDefinitionParsingException: Configuration problem: Failed to import bean definitions from relative location [/WEB-INF/config/spring-http-conf.xml]
Offending resource: ServletContext resource [/WEB-INF/config/spesa-servlet.xml]; nested exception is org.springframework.beans.factory.BeanDefinitionStoreException: IOException parsing XML document from URL [file:/G:/Bhavesh/Project/Speca/workspace/.metadata/.plugins/org.eclipse.wst.server.core/tmp0/wtpwebapps/spesa/WEB-INF/config/WEB-INF/config/spring-http-conf.xml]; nested exception is java.io.FileNotFoundException: G:\Bhavesh\Project\Speca\workspace\.metadata\.plugins\org.eclipse.wst.server.core\tmp0\wtpwebapps\spesa\WEB-INF\config\WEB-INF\config\spring-http-conf.xml (The system cannot find the path specified)
	at org.springframework.beans.factory.parsing.FailFastProblemReporter.error(FailFastProblemReporter.java:70) ~[spring-beans-4.0.0.RELEASE.jar:4.0.0.RELEASE]
	at org.springframework.beans.factory.parsing.ReaderContext.error(ReaderContext.java:85) ~[spring-beans-4.0.0.RELEASE.jar:4.0.0.RELEASE]
	at org.springframework.beans.factory.parsing.ReaderContext.error(ReaderContext.java:76) ~[spring-beans-4.0.0.RELEASE.jar:4.0.0.RELEASE]
	at org.springframework.beans.factory.xml.DefaultBeanDefinitionDocumentReader.importBeanDefinitionResource(DefaultBeanDefinitionDocumentReader.java:274) ~[spring-beans-4.0.0.RELEASE.jar:4.0.0.RELEASE]
	at org.springframework.beans.factory.xml.DefaultBeanDefinitionDocumentReader.parseDefaultElement(DefaultBeanDefinitionDocumentReader.java:199) ~[spring-beans-4.0.0.RELEASE.jar:4.0.0.RELEASE]
	at org.springframework.beans.factory.xml.DefaultBeanDefinitionDocumentReader.parseBeanDefinitions(DefaultBeanDefinitionDocumentReader.java:184) ~[spring-beans-4.0.0.RELEASE.jar:4.0.0.RELEASE]
	at org.springframework.beans.factory.xml.DefaultBeanDefinitionDocumentReader.doRegisterBeanDefinitions(DefaultBeanDefinitionDocumentReader.java:141) ~[spring-beans-4.0.0.RELEASE.jar:4.0.0.RELEASE]
	at org.springframework.beans.factory.xml.DefaultBeanDefinitionDocumentReader.registerBeanDefinitions(DefaultBeanDefinitionDocumentReader.java:110) ~[spring-beans-4.0.0.RELEASE.jar:4.0.0.RELEASE]
	at org.springframework.beans.factory.xml.XmlBeanDefinitionReader.registerBeanDefinitions(XmlBeanDefinitionReader.java:508) ~[spring-beans-4.0.0.RELEASE.jar:4.0.0.RELEASE]
	at org.springframework.beans.factory.xml.XmlBeanDefinitionReader.doLoadBeanDefinitions(XmlBeanDefinitionReader.java:391) ~[spring-beans-4.0.0.RELEASE.jar:4.0.0.RELEASE]
	at org.springframework.beans.factory.xml.XmlBeanDefinitionReader.loadBeanDefinitions(XmlBeanDefinitionReader.java:335) ~[spring-beans-4.0.0.RELEASE.jar:4.0.0.RELEASE]
	at org.springframework.beans.factory.xml.XmlBeanDefinitionReader.loadBeanDefinitions(XmlBeanDefinitionReader.java:303) ~[spring-beans-4.0.0.RELEASE.jar:4.0.0.RELEASE]
	at org.springframework.beans.factory.support.AbstractBeanDefinitionReader.loadBeanDefinitions(AbstractBeanDefinitionReader.java:180) ~[spring-beans-4.0.0.RELEASE.jar:4.0.0.RELEASE]
	at org.springframework.beans.factory.support.AbstractBeanDefinitionReader.loadBeanDefinitions(AbstractBeanDefinitionReader.java:216) ~[spring-beans-4.0.0.RELEASE.jar:4.0.0.RELEASE]
	at org.springframework.beans.factory.support.AbstractBeanDefinitionReader.loadBeanDefinitions(AbstractBeanDefinitionReader.java:187) ~[spring-beans-4.0.0.RELEASE.jar:4.0.0.RELEASE]
	at org.springframework.web.context.support.XmlWebApplicationContext.loadBeanDefinitions(XmlWebApplicationContext.java:125) ~[spring-web-4.0.0.RELEASE.jar:4.0.0.RELEASE]
	at org.springframework.web.context.support.XmlWebApplicationContext.loadBeanDefinitions(XmlWebApplicationContext.java:94) ~[spring-web-4.0.0.RELEASE.jar:4.0.0.RELEASE]
	at org.springframework.context.support.AbstractRefreshableApplicationContext.refreshBeanFactory(AbstractRefreshableApplicationContext.java:129) ~[spring-context-4.0.0.RELEASE.jar:4.0.0.RELEASE]
	at org.springframework.context.support.AbstractApplicationContext.obtainFreshBeanFactory(AbstractApplicationContext.java:540) ~[spring-context-4.0.0.RELEASE.jar:4.0.0.RELEASE]
	at org.springframework.context.support.AbstractApplicationContext.refresh(AbstractApplicationContext.java:454) ~[spring-context-4.0.0.RELEASE.jar:4.0.0.RELEASE]
	at org.springframework.web.context.ContextLoader.configureAndRefreshWebApplicationContext(ContextLoader.java:381) ~[spring-web-4.0.0.RELEASE.jar:4.0.0.RELEASE]
	at org.springframework.web.context.ContextLoader.initWebApplicationContext(ContextLoader.java:293) ~[spring-web-4.0.0.RELEASE.jar:4.0.0.RELEASE]
	at org.springframework.web.context.ContextLoaderListener.contextInitialized(ContextLoaderListener.java:106) [spring-web-4.0.0.RELEASE.jar:4.0.0.RELEASE]
	at org.apache.catalina.core.StandardContext.listenerStart(StandardContext.java:4729) [catalina.jar:8.0.23]
	at org.apache.catalina.core.StandardContext.startInternal(StandardContext.java:5167) [catalina.jar:8.0.23]
	at org.apache.catalina.util.LifecycleBase.start(LifecycleBase.java:150) [catalina.jar:8.0.23]
	at org.apache.catalina.core.ContainerBase$StartChild.call(ContainerBase.java:1409) [catalina.jar:8.0.23]
	at org.apache.catalina.core.ContainerBase$StartChild.call(ContainerBase.java:1399) [catalina.jar:8.0.23]
	at java.util.concurrent.FutureTask.run(Unknown Source) [na:1.8.0_31]
	at java.util.concurrent.ThreadPoolExecutor.runWorker(Unknown Source) [na:1.8.0_31]
	at java.util.concurrent.ThreadPoolExecutor$Worker.run(Unknown Source) [na:1.8.0_31]
	at java.lang.Thread.run(Unknown Source) [na:1.8.0_31]
Caused by: org.springframework.beans.factory.BeanDefinitionStoreException: IOException parsing XML document from URL [file:/G:/Bhavesh/Project/Speca/workspace/.metadata/.plugins/org.eclipse.wst.server.core/tmp0/wtpwebapps/spesa/WEB-INF/config/WEB-INF/config/spring-http-conf.xml]; nested exception is java.io.FileNotFoundException: G:\Bhavesh\Project\Speca\workspace\.metadata\.plugins\org.eclipse.wst.server.core\tmp0\wtpwebapps\spesa\WEB-INF\config\WEB-INF\config\spring-http-conf.xml (The system cannot find the path specified)
	at org.springframework.beans.factory.xml.XmlBeanDefinitionReader.loadBeanDefinitions(XmlBeanDefinitionReader.java:343) ~[spring-beans-4.0.0.RELEASE.jar:4.0.0.RELEASE]
	at org.springframework.beans.factory.xml.XmlBeanDefinitionReader.loadBeanDefinitions(XmlBeanDefinitionReader.java:303) ~[spring-beans-4.0.0.RELEASE.jar:4.0.0.RELEASE]
	at org.springframework.beans.factory.support.AbstractBeanDefinitionReader.loadBeanDefinitions(AbstractBeanDefinitionReader.java:180) ~[spring-beans-4.0.0.RELEASE.jar:4.0.0.RELEASE]
	at org.springframework.beans.factory.support.AbstractBeanDefinitionReader.loadBeanDefinitions(AbstractBeanDefinitionReader.java:216) ~[spring-beans-4.0.0.RELEASE.jar:4.0.0.RELEASE]
	at org.springframework.beans.factory.xml.DefaultBeanDefinitionDocumentReader.importBeanDefinitionResource(DefaultBeanDefinitionDocumentReader.java:263) ~[spring-beans-4.0.0.RELEASE.jar:4.0.0.RELEASE]
	... 28 common frames omitted
Caused by: java.io.FileNotFoundException: G:\Bhavesh\Project\Speca\workspace\.metadata\.plugins\org.eclipse.wst.server.core\tmp0\wtpwebapps\spesa\WEB-INF\config\WEB-INF\config\spring-http-conf.xml (The system cannot find the path specified)
	at java.io.FileInputStream.open(Native Method) ~[na:1.8.0_31]
	at java.io.FileInputStream.<init>(Unknown Source) ~[na:1.8.0_31]
	at java.io.FileInputStream.<init>(Unknown Source) ~[na:1.8.0_31]
	at sun.net.www.protocol.file.FileURLConnection.connect(Unknown Source) ~[na:1.8.0_31]
	at sun.net.www.protocol.file.FileURLConnection.getInputStream(Unknown Source) ~[na:1.8.0_31]
	at org.springframework.core.io.UrlResource.getInputStream(UrlResource.java:168) ~[spring-core-4.0.0.RELEASE.jar:4.0.0.RELEASE]
	at org.springframework.beans.factory.xml.XmlBeanDefinitionReader.loadBeanDefinitions(XmlBeanDefinitionReader.java:329) ~[spring-beans-4.0.0.RELEASE.jar:4.0.0.RELEASE]
	... 32 common frames omitted
2018-05-20 16:26:14 - Context initialization failed
 ERRORorg.springframework.beans.factory.BeanInitializationException: Could not load properties; nested exception is java.io.FileNotFoundException: \spesa\web\config\app-url-config.properties (The system cannot find the path specified)
	at org.springframework.beans.factory.config.PropertyResourceConfigurer.postProcessBeanFactory(PropertyResourceConfigurer.java:89) ~[spring-beans-4.0.0.RELEASE.jar:4.0.0.RELEASE]
	at org.springframework.context.support.PostProcessorRegistrationDelegate.invokeBeanFactoryPostProcessors(PostProcessorRegistrationDelegate.java:265) ~[spring-context-4.0.0.RELEASE.jar:4.0.0.RELEASE]
	at org.springframework.context.support.PostProcessorRegistrationDelegate.invokeBeanFactoryPostProcessors(PostProcessorRegistrationDelegate.java:162) ~[spring-context-4.0.0.RELEASE.jar:4.0.0.RELEASE]
	at org.springframework.context.support.AbstractApplicationContext.invokeBeanFactoryPostProcessors(AbstractApplicationContext.java:609) ~[spring-context-4.0.0.RELEASE.jar:4.0.0.RELEASE]
	at org.springframework.context.support.AbstractApplicationContext.refresh(AbstractApplicationContext.java:464) ~[spring-context-4.0.0.RELEASE.jar:4.0.0.RELEASE]
	at org.springframework.web.context.ContextLoader.configureAndRefreshWebApplicationContext(ContextLoader.java:381) ~[spring-web-4.0.0.RELEASE.jar:4.0.0.RELEASE]
	at org.springframework.web.context.ContextLoader.initWebApplicationContext(ContextLoader.java:293) ~[spring-web-4.0.0.RELEASE.jar:4.0.0.RELEASE]
	at org.springframework.web.context.ContextLoaderListener.contextInitialized(ContextLoaderListener.java:106) [spring-web-4.0.0.RELEASE.jar:4.0.0.RELEASE]
	at org.apache.catalina.core.StandardContext.listenerStart(StandardContext.java:4729) [catalina.jar:8.0.23]
	at org.apache.catalina.core.StandardContext.startInternal(StandardContext.java:5167) [catalina.jar:8.0.23]
	at org.apache.catalina.util.LifecycleBase.start(LifecycleBase.java:150) [catalina.jar:8.0.23]
	at org.apache.catalina.core.ContainerBase$StartChild.call(ContainerBase.java:1409) [catalina.jar:8.0.23]
	at org.apache.catalina.core.ContainerBase$StartChild.call(ContainerBase.java:1399) [catalina.jar:8.0.23]
	at java.util.concurrent.FutureTask.run(Unknown Source) [na:1.8.0_31]
	at java.util.concurrent.ThreadPoolExecutor.runWorker(Unknown Source) [na:1.8.0_31]
	at java.util.concurrent.ThreadPoolExecutor$Worker.run(Unknown Source) [na:1.8.0_31]
	at java.lang.Thread.run(Unknown Source) [na:1.8.0_31]
Caused by: java.io.FileNotFoundException: \spesa\web\config\app-url-config.properties (The system cannot find the path specified)
	at java.io.FileInputStream.open(Native Method) ~[na:1.8.0_31]
	at java.io.FileInputStream.<init>(Unknown Source) ~[na:1.8.0_31]
	at java.io.FileInputStream.<init>(Unknown Source) ~[na:1.8.0_31]
	at sun.net.www.protocol.file.FileURLConnection.connect(Unknown Source) ~[na:1.8.0_31]
	at sun.net.www.protocol.file.FileURLConnection.getInputStream(Unknown Source) ~[na:1.8.0_31]
	at org.springframework.core.io.UrlResource.getInputStream(UrlResource.java:168) ~[spring-core-4.0.0.RELEASE.jar:4.0.0.RELEASE]
	at org.springframework.core.io.support.EncodedResource.getInputStream(EncodedResource.java:143) ~[spring-core-4.0.0.RELEASE.jar:4.0.0.RELEASE]
	at org.springframework.core.io.support.PropertiesLoaderUtils.fillProperties(PropertiesLoaderUtils.java:98) ~[spring-core-4.0.0.RELEASE.jar:4.0.0.RELEASE]
	at org.springframework.core.io.support.PropertiesLoaderSupport.loadProperties(PropertiesLoaderSupport.java:175) ~[spring-core-4.0.0.RELEASE.jar:4.0.0.RELEASE]
	at org.springframework.core.io.support.PropertiesLoaderSupport.mergeProperties(PropertiesLoaderSupport.java:156) ~[spring-core-4.0.0.RELEASE.jar:4.0.0.RELEASE]
	at org.springframework.beans.factory.config.PropertyResourceConfigurer.postProcessBeanFactory(PropertyResourceConfigurer.java:80) ~[spring-beans-4.0.0.RELEASE.jar:4.0.0.RELEASE]
	... 16 common frames omitted
2018-05-20 16:28:04 - Context initialization failed
 ERRORorg.springframework.beans.factory.BeanCreationException: Error creating bean with name 'messageSource' defined in ServletContext resource [/WEB-INF/config/spesa-servlet.xml]: Initialization of bean failed; nested exception is org.springframework.beans.ConversionNotSupportedException: Failed to convert property value of type 'java.util.ArrayList' to required type 'java.lang.String' for property 'basename'; nested exception is java.lang.IllegalStateException: Cannot convert value of type [java.util.ArrayList] to required type [java.lang.String] for property 'basename': no matching editors or conversion strategy found
	at org.springframework.beans.factory.support.AbstractAutowireCapableBeanFactory.doCreateBean(AbstractAutowireCapableBeanFactory.java:547) ~[spring-beans-4.0.0.RELEASE.jar:4.0.0.RELEASE]
	at org.springframework.beans.factory.support.AbstractAutowireCapableBeanFactory.createBean(AbstractAutowireCapableBeanFactory.java:475) ~[spring-beans-4.0.0.RELEASE.jar:4.0.0.RELEASE]
	at org.springframework.beans.factory.support.AbstractBeanFactory$1.getObject(AbstractBeanFactory.java:304) ~[spring-beans-4.0.0.RELEASE.jar:4.0.0.RELEASE]
	at org.springframework.beans.factory.support.DefaultSingletonBeanRegistry.getSingleton(DefaultSingletonBeanRegistry.java:228) ~[spring-beans-4.0.0.RELEASE.jar:4.0.0.RELEASE]
	at org.springframework.beans.factory.support.AbstractBeanFactory.doGetBean(AbstractBeanFactory.java:300) ~[spring-beans-4.0.0.RELEASE.jar:4.0.0.RELEASE]
	at org.springframework.beans.factory.support.AbstractBeanFactory.getBean(AbstractBeanFactory.java:200) ~[spring-beans-4.0.0.RELEASE.jar:4.0.0.RELEASE]
	at org.springframework.context.support.AbstractApplicationContext.initMessageSource(AbstractApplicationContext.java:628) ~[spring-context-4.0.0.RELEASE.jar:4.0.0.RELEASE]
	at org.springframework.context.support.AbstractApplicationContext.refresh(AbstractApplicationContext.java:470) ~[spring-context-4.0.0.RELEASE.jar:4.0.0.RELEASE]
	at org.springframework.web.context.ContextLoader.configureAndRefreshWebApplicationContext(ContextLoader.java:381) ~[spring-web-4.0.0.RELEASE.jar:4.0.0.RELEASE]
	at org.springframework.web.context.ContextLoader.initWebApplicationContext(ContextLoader.java:293) ~[spring-web-4.0.0.RELEASE.jar:4.0.0.RELEASE]
	at org.springframework.web.context.ContextLoaderListener.contextInitialized(ContextLoaderListener.java:106) [spring-web-4.0.0.RELEASE.jar:4.0.0.RELEASE]
	at org.apache.catalina.core.StandardContext.listenerStart(StandardContext.java:4729) [catalina.jar:8.0.23]
	at org.apache.catalina.core.StandardContext.startInternal(StandardContext.java:5167) [catalina.jar:8.0.23]
	at org.apache.catalina.util.LifecycleBase.start(LifecycleBase.java:150) [catalina.jar:8.0.23]
	at org.apache.catalina.core.ContainerBase$StartChild.call(ContainerBase.java:1409) [catalina.jar:8.0.23]
	at org.apache.catalina.core.ContainerBase$StartChild.call(ContainerBase.java:1399) [catalina.jar:8.0.23]
	at java.util.concurrent.FutureTask.run(Unknown Source) [na:1.8.0_31]
	at java.util.concurrent.ThreadPoolExecutor.runWorker(Unknown Source) [na:1.8.0_31]
	at java.util.concurrent.ThreadPoolExecutor$Worker.run(Unknown Source) [na:1.8.0_31]
	at java.lang.Thread.run(Unknown Source) [na:1.8.0_31]
Caused by: org.springframework.beans.ConversionNotSupportedException: Failed to convert property value of type 'java.util.ArrayList' to required type 'java.lang.String' for property 'basename'; nested exception is java.lang.IllegalStateException: Cannot convert value of type [java.util.ArrayList] to required type [java.lang.String] for property 'basename': no matching editors or conversion strategy found
	at org.springframework.beans.BeanWrapperImpl.convertIfNecessary(BeanWrapperImpl.java:473) ~[spring-beans-4.0.0.RELEASE.jar:4.0.0.RELEASE]
	at org.springframework.beans.BeanWrapperImpl.convertForProperty(BeanWrapperImpl.java:509) ~[spring-beans-4.0.0.RELEASE.jar:4.0.0.RELEASE]
	at org.springframework.beans.BeanWrapperImpl.convertForProperty(BeanWrapperImpl.java:504) ~[spring-beans-4.0.0.RELEASE.jar:4.0.0.RELEASE]
	at org.springframework.beans.factory.support.AbstractAutowireCapableBeanFactory.convertForProperty(AbstractAutowireCapableBeanFactory.java:1502) ~[spring-beans-4.0.0.RELEASE.jar:4.0.0.RELEASE]
	at org.springframework.beans.factory.support.AbstractAutowireCapableBeanFactory.applyPropertyValues(AbstractAutowireCapableBeanFactory.java:1461) ~[spring-beans-4.0.0.RELEASE.jar:4.0.0.RELEASE]
	at org.springframework.beans.factory.support.AbstractAutowireCapableBeanFactory.populateBean(AbstractAutowireCapableBeanFactory.java:1197) ~[spring-beans-4.0.0.RELEASE.jar:4.0.0.RELEASE]
	at org.springframework.beans.factory.support.AbstractAutowireCapableBeanFactory.doCreateBean(AbstractAutowireCapableBeanFactory.java:537) ~[spring-beans-4.0.0.RELEASE.jar:4.0.0.RELEASE]
	... 19 common frames omitted
Caused by: java.lang.IllegalStateException: Cannot convert value of type [java.util.ArrayList] to required type [java.lang.String] for property 'basename': no matching editors or conversion strategy found
	at org.springframework.beans.TypeConverterDelegate.convertIfNecessary(TypeConverterDelegate.java:267) ~[spring-beans-4.0.0.RELEASE.jar:4.0.0.RELEASE]
	at org.springframework.beans.BeanWrapperImpl.convertIfNecessary(BeanWrapperImpl.java:458) ~[spring-beans-4.0.0.RELEASE.jar:4.0.0.RELEASE]
	... 25 common frames omitted
2018-05-20 16:38:27 - Context initialization failed
 ERRORjava.lang.NoClassDefFoundError: org/apache/tiles/startup/BasicTilesInitializer
	at java.lang.Class.getDeclaredConstructors0(Native Method) ~[na:1.8.0_31]
	at java.lang.Class.privateGetDeclaredConstructors(Unknown Source) ~[na:1.8.0_31]
	at java.lang.Class.getDeclaredConstructors(Unknown Source) ~[na:1.8.0_31]
	at org.springframework.beans.factory.annotation.AutowiredAnnotationBeanPostProcessor.determineCandidateConstructors(AutowiredAnnotationBeanPostProcessor.java:234) ~[spring-beans-4.0.0.RELEASE.jar:4.0.0.RELEASE]
	at org.springframework.beans.factory.support.AbstractAutowireCapableBeanFactory.determineConstructorsFromBeanPostProcessors(AbstractAutowireCapableBeanFactory.java:1040) ~[spring-beans-4.0.0.RELEASE.jar:4.0.0.RELEASE]
	at org.springframework.beans.factory.support.AbstractAutowireCapableBeanFactory.createBeanInstance(AbstractAutowireCapableBeanFactory.java:1013) ~[spring-beans-4.0.0.RELEASE.jar:4.0.0.RELEASE]
	at org.springframework.beans.factory.support.AbstractAutowireCapableBeanFactory.doCreateBean(AbstractAutowireCapableBeanFactory.java:504) ~[spring-beans-4.0.0.RELEASE.jar:4.0.0.RELEASE]
	at org.springframework.beans.factory.support.AbstractAutowireCapableBeanFactory.createBean(AbstractAutowireCapableBeanFactory.java:475) ~[spring-beans-4.0.0.RELEASE.jar:4.0.0.RELEASE]
	at org.springframework.beans.factory.support.AbstractBeanFactory$1.getObject(AbstractBeanFactory.java:304) ~[spring-beans-4.0.0.RELEASE.jar:4.0.0.RELEASE]
	at org.springframework.beans.factory.support.DefaultSingletonBeanRegistry.getSingleton(DefaultSingletonBeanRegistry.java:228) ~[spring-beans-4.0.0.RELEASE.jar:4.0.0.RELEASE]
	at org.springframework.beans.factory.support.AbstractBeanFactory.doGetBean(AbstractBeanFactory.java:300) ~[spring-beans-4.0.0.RELEASE.jar:4.0.0.RELEASE]
	at org.springframework.beans.factory.support.AbstractBeanFactory.getBean(AbstractBeanFactory.java:195) ~[spring-beans-4.0.0.RELEASE.jar:4.0.0.RELEASE]
	at org.springframework.beans.factory.support.DefaultListableBeanFactory.preInstantiateSingletons(DefaultListableBeanFactory.java:700) ~[spring-beans-4.0.0.RELEASE.jar:4.0.0.RELEASE]
	at org.springframework.context.support.AbstractApplicationContext.finishBeanFactoryInitialization(AbstractApplicationContext.java:760) ~[spring-context-4.0.0.RELEASE.jar:4.0.0.RELEASE]
	at org.springframework.context.support.AbstractApplicationContext.refresh(AbstractApplicationContext.java:482) ~[spring-context-4.0.0.RELEASE.jar:4.0.0.RELEASE]
	at org.springframework.web.context.ContextLoader.configureAndRefreshWebApplicationContext(ContextLoader.java:381) ~[spring-web-4.0.0.RELEASE.jar:4.0.0.RELEASE]
	at org.springframework.web.context.ContextLoader.initWebApplicationContext(ContextLoader.java:293) ~[spring-web-4.0.0.RELEASE.jar:4.0.0.RELEASE]
	at org.springframework.web.context.ContextLoaderListener.contextInitialized(ContextLoaderListener.java:106) [spring-web-4.0.0.RELEASE.jar:4.0.0.RELEASE]
	at org.apache.catalina.core.StandardContext.listenerStart(StandardContext.java:4729) [catalina.jar:8.0.23]
	at org.apache.catalina.core.StandardContext.startInternal(StandardContext.java:5167) [catalina.jar:8.0.23]
	at org.apache.catalina.util.LifecycleBase.start(LifecycleBase.java:150) [catalina.jar:8.0.23]
	at org.apache.catalina.core.ContainerBase$StartChild.call(ContainerBase.java:1409) [catalina.jar:8.0.23]
	at org.apache.catalina.core.ContainerBase$StartChild.call(ContainerBase.java:1399) [catalina.jar:8.0.23]
	at java.util.concurrent.FutureTask.run(Unknown Source) [na:1.8.0_31]
	at java.util.concurrent.ThreadPoolExecutor.runWorker(Unknown Source) [na:1.8.0_31]
	at java.util.concurrent.ThreadPoolExecutor$Worker.run(Unknown Source) [na:1.8.0_31]
	at java.lang.Thread.run(Unknown Source) [na:1.8.0_31]
Caused by: java.lang.ClassNotFoundException: org.apache.tiles.startup.BasicTilesInitializer
	at org.apache.catalina.loader.WebappClassLoaderBase.loadClass(WebappClassLoaderBase.java:1305) ~[catalina.jar:8.0.23]
	at org.apache.catalina.loader.WebappClassLoaderBase.loadClass(WebappClassLoaderBase.java:1157) ~[catalina.jar:8.0.23]
	... 27 common frames omitted
2018-05-20 16:42:41 - Context initialization failed
 ERRORjava.lang.NoClassDefFoundError: org/apache/tiles/startup/BasicTilesInitializer
	at java.lang.Class.getDeclaredConstructors0(Native Method) ~[na:1.8.0_31]
	at java.lang.Class.privateGetDeclaredConstructors(Unknown Source) ~[na:1.8.0_31]
	at java.lang.Class.getDeclaredConstructors(Unknown Source) ~[na:1.8.0_31]
	at org.springframework.beans.factory.annotation.AutowiredAnnotationBeanPostProcessor.determineCandidateConstructors(AutowiredAnnotationBeanPostProcessor.java:234) ~[spring-beans-4.0.0.RELEASE.jar:4.0.0.RELEASE]
	at org.springframework.beans.factory.support.AbstractAutowireCapableBeanFactory.determineConstructorsFromBeanPostProcessors(AbstractAutowireCapableBeanFactory.java:1040) ~[spring-beans-4.0.0.RELEASE.jar:4.0.0.RELEASE]
	at org.springframework.beans.factory.support.AbstractAutowireCapableBeanFactory.createBeanInstance(AbstractAutowireCapableBeanFactory.java:1013) ~[spring-beans-4.0.0.RELEASE.jar:4.0.0.RELEASE]
	at org.springframework.beans.factory.support.AbstractAutowireCapableBeanFactory.doCreateBean(AbstractAutowireCapableBeanFactory.java:504) ~[spring-beans-4.0.0.RELEASE.jar:4.0.0.RELEASE]
	at org.springframework.beans.factory.support.AbstractAutowireCapableBeanFactory.createBean(AbstractAutowireCapableBeanFactory.java:475) ~[spring-beans-4.0.0.RELEASE.jar:4.0.0.RELEASE]
	at org.springframework.beans.factory.support.AbstractBeanFactory$1.getObject(AbstractBeanFactory.java:304) ~[spring-beans-4.0.0.RELEASE.jar:4.0.0.RELEASE]
	at org.springframework.beans.factory.support.DefaultSingletonBeanRegistry.getSingleton(DefaultSingletonBeanRegistry.java:228) ~[spring-beans-4.0.0.RELEASE.jar:4.0.0.RELEASE]
	at org.springframework.beans.factory.support.AbstractBeanFactory.doGetBean(AbstractBeanFactory.java:300) ~[spring-beans-4.0.0.RELEASE.jar:4.0.0.RELEASE]
	at org.springframework.beans.factory.support.AbstractBeanFactory.getBean(AbstractBeanFactory.java:195) ~[spring-beans-4.0.0.RELEASE.jar:4.0.0.RELEASE]
	at org.springframework.beans.factory.support.DefaultListableBeanFactory.preInstantiateSingletons(DefaultListableBeanFactory.java:700) ~[spring-beans-4.0.0.RELEASE.jar:4.0.0.RELEASE]
	at org.springframework.context.support.AbstractApplicationContext.finishBeanFactoryInitialization(AbstractApplicationContext.java:760) ~[spring-context-4.0.0.RELEASE.jar:4.0.0.RELEASE]
	at org.springframework.context.support.AbstractApplicationContext.refresh(AbstractApplicationContext.java:482) ~[spring-context-4.0.0.RELEASE.jar:4.0.0.RELEASE]
	at org.springframework.web.context.ContextLoader.configureAndRefreshWebApplicationContext(ContextLoader.java:381) ~[spring-web-4.0.0.RELEASE.jar:4.0.0.RELEASE]
	at org.springframework.web.context.ContextLoader.initWebApplicationContext(ContextLoader.java:293) ~[spring-web-4.0.0.RELEASE.jar:4.0.0.RELEASE]
	at org.springframework.web.context.ContextLoaderListener.contextInitialized(ContextLoaderListener.java:106) [spring-web-4.0.0.RELEASE.jar:4.0.0.RELEASE]
	at org.apache.catalina.core.StandardContext.listenerStart(StandardContext.java:4729) [catalina.jar:8.0.23]
	at org.apache.catalina.core.StandardContext.startInternal(StandardContext.java:5167) [catalina.jar:8.0.23]
	at org.apache.catalina.util.LifecycleBase.start(LifecycleBase.java:150) [catalina.jar:8.0.23]
	at org.apache.catalina.core.ContainerBase$StartChild.call(ContainerBase.java:1409) [catalina.jar:8.0.23]
	at org.apache.catalina.core.ContainerBase$StartChild.call(ContainerBase.java:1399) [catalina.jar:8.0.23]
	at java.util.concurrent.FutureTask.run(Unknown Source) [na:1.8.0_31]
	at java.util.concurrent.ThreadPoolExecutor.runWorker(Unknown Source) [na:1.8.0_31]
	at java.util.concurrent.ThreadPoolExecutor$Worker.run(Unknown Source) [na:1.8.0_31]
	at java.lang.Thread.run(Unknown Source) [na:1.8.0_31]
Caused by: java.lang.ClassNotFoundException: org.apache.tiles.startup.BasicTilesInitializer
	at org.apache.catalina.loader.WebappClassLoaderBase.loadClass(WebappClassLoaderBase.java:1305) ~[catalina.jar:8.0.23]
	at org.apache.catalina.loader.WebappClassLoaderBase.loadClass(WebappClassLoaderBase.java:1157) ~[catalina.jar:8.0.23]
	... 27 common frames omitted
2018-05-20 16:44:20 - Context initialization failed
 ERRORjava.lang.NoClassDefFoundError: org/apache/tiles/startup/BasicTilesInitializer
	at java.lang.Class.getDeclaredConstructors0(Native Method) ~[na:1.8.0_31]
	at java.lang.Class.privateGetDeclaredConstructors(Unknown Source) ~[na:1.8.0_31]
	at java.lang.Class.getDeclaredConstructors(Unknown Source) ~[na:1.8.0_31]
	at org.springframework.beans.factory.annotation.AutowiredAnnotationBeanPostProcessor.determineCandidateConstructors(AutowiredAnnotationBeanPostProcessor.java:234) ~[spring-beans-4.0.0.RELEASE.jar:4.0.0.RELEASE]
	at org.springframework.beans.factory.support.AbstractAutowireCapableBeanFactory.determineConstructorsFromBeanPostProcessors(AbstractAutowireCapableBeanFactory.java:1040) ~[spring-beans-4.0.0.RELEASE.jar:4.0.0.RELEASE]
	at org.springframework.beans.factory.support.AbstractAutowireCapableBeanFactory.createBeanInstance(AbstractAutowireCapableBeanFactory.java:1013) ~[spring-beans-4.0.0.RELEASE.jar:4.0.0.RELEASE]
	at org.springframework.beans.factory.support.AbstractAutowireCapableBeanFactory.doCreateBean(AbstractAutowireCapableBeanFactory.java:504) ~[spring-beans-4.0.0.RELEASE.jar:4.0.0.RELEASE]
	at org.springframework.beans.factory.support.AbstractAutowireCapableBeanFactory.createBean(AbstractAutowireCapableBeanFactory.java:475) ~[spring-beans-4.0.0.RELEASE.jar:4.0.0.RELEASE]
	at org.springframework.beans.factory.support.AbstractBeanFactory$1.getObject(AbstractBeanFactory.java:304) ~[spring-beans-4.0.0.RELEASE.jar:4.0.0.RELEASE]
	at org.springframework.beans.factory.support.DefaultSingletonBeanRegistry.getSingleton(DefaultSingletonBeanRegistry.java:228) ~[spring-beans-4.0.0.RELEASE.jar:4.0.0.RELEASE]
	at org.springframework.beans.factory.support.AbstractBeanFactory.doGetBean(AbstractBeanFactory.java:300) ~[spring-beans-4.0.0.RELEASE.jar:4.0.0.RELEASE]
	at org.springframework.beans.factory.support.AbstractBeanFactory.getBean(AbstractBeanFactory.java:195) ~[spring-beans-4.0.0.RELEASE.jar:4.0.0.RELEASE]
	at org.springframework.beans.factory.support.DefaultListableBeanFactory.preInstantiateSingletons(DefaultListableBeanFactory.java:700) ~[spring-beans-4.0.0.RELEASE.jar:4.0.0.RELEASE]
	at org.springframework.context.support.AbstractApplicationContext.finishBeanFactoryInitialization(AbstractApplicationContext.java:760) ~[spring-context-4.0.0.RELEASE.jar:4.0.0.RELEASE]
	at org.springframework.context.support.AbstractApplicationContext.refresh(AbstractApplicationContext.java:482) ~[spring-context-4.0.0.RELEASE.jar:4.0.0.RELEASE]
	at org.springframework.web.context.ContextLoader.configureAndRefreshWebApplicationContext(ContextLoader.java:381) ~[spring-web-4.0.0.RELEASE.jar:4.0.0.RELEASE]
	at org.springframework.web.context.ContextLoader.initWebApplicationContext(ContextLoader.java:293) ~[spring-web-4.0.0.RELEASE.jar:4.0.0.RELEASE]
	at org.springframework.web.context.ContextLoaderListener.contextInitialized(ContextLoaderListener.java:106) [spring-web-4.0.0.RELEASE.jar:4.0.0.RELEASE]
	at org.apache.catalina.core.StandardContext.listenerStart(StandardContext.java:4729) [catalina.jar:8.0.23]
	at org.apache.catalina.core.StandardContext.startInternal(StandardContext.java:5167) [catalina.jar:8.0.23]
	at org.apache.catalina.util.LifecycleBase.start(LifecycleBase.java:150) [catalina.jar:8.0.23]
	at org.apache.catalina.core.ContainerBase$StartChild.call(ContainerBase.java:1409) [catalina.jar:8.0.23]
	at org.apache.catalina.core.ContainerBase$StartChild.call(ContainerBase.java:1399) [catalina.jar:8.0.23]
	at java.util.concurrent.FutureTask.run(Unknown Source) [na:1.8.0_31]
	at java.util.concurrent.ThreadPoolExecutor.runWorker(Unknown Source) [na:1.8.0_31]
	at java.util.concurrent.ThreadPoolExecutor$Worker.run(Unknown Source) [na:1.8.0_31]
	at java.lang.Thread.run(Unknown Source) [na:1.8.0_31]
Caused by: java.lang.ClassNotFoundException: org.apache.tiles.startup.BasicTilesInitializer
	at org.apache.catalina.loader.WebappClassLoaderBase.loadClass(WebappClassLoaderBase.java:1305) ~[catalina.jar:8.0.23]
	at org.apache.catalina.loader.WebappClassLoaderBase.loadClass(WebappClassLoaderBase.java:1157) ~[catalina.jar:8.0.23]
	... 27 common frames omitted
2018-05-20 16:45:48 - Context initialization failed
 ERRORorg.springframework.beans.factory.BeanDefinitionStoreException: IOException parsing XML document from ServletContext resource [/WEB-INF/spesa-servlet.xml]; nested exception is java.io.FileNotFoundException: Could not open ServletContext resource [/WEB-INF/spesa-servlet.xml]
	at org.springframework.beans.factory.xml.XmlBeanDefinitionReader.loadBeanDefinitions(XmlBeanDefinitionReader.java:343) ~[spring-beans-4.0.0.RELEASE.jar:4.0.0.RELEASE]
	at org.springframework.beans.factory.xml.XmlBeanDefinitionReader.loadBeanDefinitions(XmlBeanDefinitionReader.java:303) ~[spring-beans-4.0.0.RELEASE.jar:4.0.0.RELEASE]
	at org.springframework.beans.factory.support.AbstractBeanDefinitionReader.loadBeanDefinitions(AbstractBeanDefinitionReader.java:180) ~[spring-beans-4.0.0.RELEASE.jar:4.0.0.RELEASE]
	at org.springframework.beans.factory.support.AbstractBeanDefinitionReader.loadBeanDefinitions(AbstractBeanDefinitionReader.java:216) ~[spring-beans-4.0.0.RELEASE.jar:4.0.0.RELEASE]
	at org.springframework.beans.factory.support.AbstractBeanDefinitionReader.loadBeanDefinitions(AbstractBeanDefinitionReader.java:187) ~[spring-beans-4.0.0.RELEASE.jar:4.0.0.RELEASE]
	at org.springframework.web.context.support.XmlWebApplicationContext.loadBeanDefinitions(XmlWebApplicationContext.java:125) ~[spring-web-4.0.0.RELEASE.jar:4.0.0.RELEASE]
	at org.springframework.web.context.support.XmlWebApplicationContext.loadBeanDefinitions(XmlWebApplicationContext.java:94) ~[spring-web-4.0.0.RELEASE.jar:4.0.0.RELEASE]
	at org.springframework.context.support.AbstractRefreshableApplicationContext.refreshBeanFactory(AbstractRefreshableApplicationContext.java:129) ~[spring-context-4.0.0.RELEASE.jar:4.0.0.RELEASE]
	at org.springframework.context.support.AbstractApplicationContext.obtainFreshBeanFactory(AbstractApplicationContext.java:540) ~[spring-context-4.0.0.RELEASE.jar:4.0.0.RELEASE]
	at org.springframework.context.support.AbstractApplicationContext.refresh(AbstractApplicationContext.java:454) ~[spring-context-4.0.0.RELEASE.jar:4.0.0.RELEASE]
	at org.springframework.web.servlet.FrameworkServlet.configureAndRefreshWebApplicationContext(FrameworkServlet.java:643) ~[spring-webmvc-4.0.0.RELEASE.jar:4.0.0.RELEASE]
	at org.springframework.web.servlet.FrameworkServlet.createWebApplicationContext(FrameworkServlet.java:606) ~[spring-webmvc-4.0.0.RELEASE.jar:4.0.0.RELEASE]
	at org.springframework.web.servlet.FrameworkServlet.createWebApplicationContext(FrameworkServlet.java:657) ~[spring-webmvc-4.0.0.RELEASE.jar:4.0.0.RELEASE]
	at org.springframework.web.servlet.FrameworkServlet.initWebApplicationContext(FrameworkServlet.java:525) ~[spring-webmvc-4.0.0.RELEASE.jar:4.0.0.RELEASE]
	at org.springframework.web.servlet.FrameworkServlet.initServletBean(FrameworkServlet.java:466) ~[spring-webmvc-4.0.0.RELEASE.jar:4.0.0.RELEASE]
	at org.springframework.web.servlet.HttpServletBean.init(HttpServletBean.java:136) [spring-webmvc-4.0.0.RELEASE.jar:4.0.0.RELEASE]
	at javax.servlet.GenericServlet.init(GenericServlet.java:158) [servlet-api.jar:3.1.FR]
	at org.apache.catalina.core.StandardWrapper.initServlet(StandardWrapper.java:1231) [catalina.jar:8.0.23]
	at org.apache.catalina.core.StandardWrapper.loadServlet(StandardWrapper.java:1144) [catalina.jar:8.0.23]
	at org.apache.catalina.core.StandardWrapper.load(StandardWrapper.java:1031) [catalina.jar:8.0.23]
	at org.apache.catalina.core.StandardContext.loadOnStartup(StandardContext.java:4914) [catalina.jar:8.0.23]
	at org.apache.catalina.core.StandardContext.startInternal(StandardContext.java:5201) [catalina.jar:8.0.23]
	at org.apache.catalina.util.LifecycleBase.start(LifecycleBase.java:150) [catalina.jar:8.0.23]
	at org.apache.catalina.core.ContainerBase$StartChild.call(ContainerBase.java:1409) [catalina.jar:8.0.23]
	at org.apache.catalina.core.ContainerBase$StartChild.call(ContainerBase.java:1399) [catalina.jar:8.0.23]
	at java.util.concurrent.FutureTask.run(Unknown Source) [na:1.8.0_31]
	at java.util.concurrent.ThreadPoolExecutor.runWorker(Unknown Source) [na:1.8.0_31]
	at java.util.concurrent.ThreadPoolExecutor$Worker.run(Unknown Source) [na:1.8.0_31]
	at java.lang.Thread.run(Unknown Source) [na:1.8.0_31]
Caused by: java.io.FileNotFoundException: Could not open ServletContext resource [/WEB-INF/spesa-servlet.xml]
	at org.springframework.web.context.support.ServletContextResource.getInputStream(ServletContextResource.java:141) ~[spring-web-4.0.0.RELEASE.jar:4.0.0.RELEASE]
	at org.springframework.beans.factory.xml.XmlBeanDefinitionReader.loadBeanDefinitions(XmlBeanDefinitionReader.java:329) ~[spring-beans-4.0.0.RELEASE.jar:4.0.0.RELEASE]
	... 28 common frames omitted
2018-05-20 16:46:42 - Context initialization failed
 ERRORorg.springframework.beans.factory.BeanDefinitionStoreException: IOException parsing XML document from ServletContext resource [/WEB-INF/spesa-servlet.xml]; nested exception is java.io.FileNotFoundException: Could not open ServletContext resource [/WEB-INF/spesa-servlet.xml]
	at org.springframework.beans.factory.xml.XmlBeanDefinitionReader.loadBeanDefinitions(XmlBeanDefinitionReader.java:343) ~[spring-beans-4.0.0.RELEASE.jar:4.0.0.RELEASE]
	at org.springframework.beans.factory.xml.XmlBeanDefinitionReader.loadBeanDefinitions(XmlBeanDefinitionReader.java:303) ~[spring-beans-4.0.0.RELEASE.jar:4.0.0.RELEASE]
	at org.springframework.beans.factory.support.AbstractBeanDefinitionReader.loadBeanDefinitions(AbstractBeanDefinitionReader.java:180) ~[spring-beans-4.0.0.RELEASE.jar:4.0.0.RELEASE]
	at org.springframework.beans.factory.support.AbstractBeanDefinitionReader.loadBeanDefinitions(AbstractBeanDefinitionReader.java:216) ~[spring-beans-4.0.0.RELEASE.jar:4.0.0.RELEASE]
	at org.springframework.beans.factory.support.AbstractBeanDefinitionReader.loadBeanDefinitions(AbstractBeanDefinitionReader.java:187) ~[spring-beans-4.0.0.RELEASE.jar:4.0.0.RELEASE]
	at org.springframework.web.context.support.XmlWebApplicationContext.loadBeanDefinitions(XmlWebApplicationContext.java:125) ~[spring-web-4.0.0.RELEASE.jar:4.0.0.RELEASE]
	at org.springframework.web.context.support.XmlWebApplicationContext.loadBeanDefinitions(XmlWebApplicationContext.java:94) ~[spring-web-4.0.0.RELEASE.jar:4.0.0.RELEASE]
	at org.springframework.context.support.AbstractRefreshableApplicationContext.refreshBeanFactory(AbstractRefreshableApplicationContext.java:129) ~[spring-context-4.0.0.RELEASE.jar:4.0.0.RELEASE]
	at org.springframework.context.support.AbstractApplicationContext.obtainFreshBeanFactory(AbstractApplicationContext.java:540) ~[spring-context-4.0.0.RELEASE.jar:4.0.0.RELEASE]
	at org.springframework.context.support.AbstractApplicationContext.refresh(AbstractApplicationContext.java:454) ~[spring-context-4.0.0.RELEASE.jar:4.0.0.RELEASE]
	at org.springframework.web.servlet.FrameworkServlet.configureAndRefreshWebApplicationContext(FrameworkServlet.java:643) ~[spring-webmvc-4.0.0.RELEASE.jar:4.0.0.RELEASE]
	at org.springframework.web.servlet.FrameworkServlet.createWebApplicationContext(FrameworkServlet.java:606) ~[spring-webmvc-4.0.0.RELEASE.jar:4.0.0.RELEASE]
	at org.springframework.web.servlet.FrameworkServlet.createWebApplicationContext(FrameworkServlet.java:657) ~[spring-webmvc-4.0.0.RELEASE.jar:4.0.0.RELEASE]
	at org.springframework.web.servlet.FrameworkServlet.initWebApplicationContext(FrameworkServlet.java:525) ~[spring-webmvc-4.0.0.RELEASE.jar:4.0.0.RELEASE]
	at org.springframework.web.servlet.FrameworkServlet.initServletBean(FrameworkServlet.java:466) ~[spring-webmvc-4.0.0.RELEASE.jar:4.0.0.RELEASE]
	at org.springframework.web.servlet.HttpServletBean.init(HttpServletBean.java:136) [spring-webmvc-4.0.0.RELEASE.jar:4.0.0.RELEASE]
	at javax.servlet.GenericServlet.init(GenericServlet.java:158) [servlet-api.jar:3.1.FR]
	at org.apache.catalina.core.StandardWrapper.initServlet(StandardWrapper.java:1231) [catalina.jar:8.0.23]
	at org.apache.catalina.core.StandardWrapper.loadServlet(StandardWrapper.java:1144) [catalina.jar:8.0.23]
	at org.apache.catalina.core.StandardWrapper.load(StandardWrapper.java:1031) [catalina.jar:8.0.23]
	at org.apache.catalina.core.StandardContext.loadOnStartup(StandardContext.java:4914) [catalina.jar:8.0.23]
	at org.apache.catalina.core.StandardContext.startInternal(StandardContext.java:5201) [catalina.jar:8.0.23]
	at org.apache.catalina.util.LifecycleBase.start(LifecycleBase.java:150) [catalina.jar:8.0.23]
	at org.apache.catalina.core.ContainerBase$StartChild.call(ContainerBase.java:1409) [catalina.jar:8.0.23]
	at org.apache.catalina.core.ContainerBase$StartChild.call(ContainerBase.java:1399) [catalina.jar:8.0.23]
	at java.util.concurrent.FutureTask.run(Unknown Source) [na:1.8.0_31]
	at java.util.concurrent.ThreadPoolExecutor.runWorker(Unknown Source) [na:1.8.0_31]
	at java.util.concurrent.ThreadPoolExecutor$Worker.run(Unknown Source) [na:1.8.0_31]
	at java.lang.Thread.run(Unknown Source) [na:1.8.0_31]
Caused by: java.io.FileNotFoundException: Could not open ServletContext resource [/WEB-INF/spesa-servlet.xml]
	at org.springframework.web.context.support.ServletContextResource.getInputStream(ServletContextResource.java:141) ~[spring-web-4.0.0.RELEASE.jar:4.0.0.RELEASE]
	at org.springframework.beans.factory.xml.XmlBeanDefinitionReader.loadBeanDefinitions(XmlBeanDefinitionReader.java:329) ~[spring-beans-4.0.0.RELEASE.jar:4.0.0.RELEASE]
	... 28 common frames omitted
2018-05-20 16:48:30 - Context initialization failed
 ERRORorg.springframework.beans.factory.BeanDefinitionStoreException: IOException parsing XML document from ServletContext resource [/WEB-INF/spesa-servlet.xml]; nested exception is java.io.FileNotFoundException: Could not open ServletContext resource [/WEB-INF/spesa-servlet.xml]
	at org.springframework.beans.factory.xml.XmlBeanDefinitionReader.loadBeanDefinitions(XmlBeanDefinitionReader.java:343) ~[spring-beans-4.0.0.RELEASE.jar:4.0.0.RELEASE]
	at org.springframework.beans.factory.xml.XmlBeanDefinitionReader.loadBeanDefinitions(XmlBeanDefinitionReader.java:303) ~[spring-beans-4.0.0.RELEASE.jar:4.0.0.RELEASE]
	at org.springframework.beans.factory.support.AbstractBeanDefinitionReader.loadBeanDefinitions(AbstractBeanDefinitionReader.java:180) ~[spring-beans-4.0.0.RELEASE.jar:4.0.0.RELEASE]
	at org.springframework.beans.factory.support.AbstractBeanDefinitionReader.loadBeanDefinitions(AbstractBeanDefinitionReader.java:216) ~[spring-beans-4.0.0.RELEASE.jar:4.0.0.RELEASE]
	at org.springframework.beans.factory.support.AbstractBeanDefinitionReader.loadBeanDefinitions(AbstractBeanDefinitionReader.java:187) ~[spring-beans-4.0.0.RELEASE.jar:4.0.0.RELEASE]
	at org.springframework.web.context.support.XmlWebApplicationContext.loadBeanDefinitions(XmlWebApplicationContext.java:125) ~[spring-web-4.0.0.RELEASE.jar:4.0.0.RELEASE]
	at org.springframework.web.context.support.XmlWebApplicationContext.loadBeanDefinitions(XmlWebApplicationContext.java:94) ~[spring-web-4.0.0.RELEASE.jar:4.0.0.RELEASE]
	at org.springframework.context.support.AbstractRefreshableApplicationContext.refreshBeanFactory(AbstractRefreshableApplicationContext.java:129) ~[spring-context-4.0.0.RELEASE.jar:4.0.0.RELEASE]
	at org.springframework.context.support.AbstractApplicationContext.obtainFreshBeanFactory(AbstractApplicationContext.java:540) ~[spring-context-4.0.0.RELEASE.jar:4.0.0.RELEASE]
	at org.springframework.context.support.AbstractApplicationContext.refresh(AbstractApplicationContext.java:454) ~[spring-context-4.0.0.RELEASE.jar:4.0.0.RELEASE]
	at org.springframework.web.servlet.FrameworkServlet.configureAndRefreshWebApplicationContext(FrameworkServlet.java:643) ~[spring-webmvc-4.0.0.RELEASE.jar:4.0.0.RELEASE]
	at org.springframework.web.servlet.FrameworkServlet.createWebApplicationContext(FrameworkServlet.java:606) ~[spring-webmvc-4.0.0.RELEASE.jar:4.0.0.RELEASE]
	at org.springframework.web.servlet.FrameworkServlet.createWebApplicationContext(FrameworkServlet.java:657) ~[spring-webmvc-4.0.0.RELEASE.jar:4.0.0.RELEASE]
	at org.springframework.web.servlet.FrameworkServlet.initWebApplicationContext(FrameworkServlet.java:525) ~[spring-webmvc-4.0.0.RELEASE.jar:4.0.0.RELEASE]
	at org.springframework.web.servlet.FrameworkServlet.initServletBean(FrameworkServlet.java:466) ~[spring-webmvc-4.0.0.RELEASE.jar:4.0.0.RELEASE]
	at org.springframework.web.servlet.HttpServletBean.init(HttpServletBean.java:136) [spring-webmvc-4.0.0.RELEASE.jar:4.0.0.RELEASE]
	at javax.servlet.GenericServlet.init(GenericServlet.java:158) [servlet-api.jar:3.1.FR]
	at org.apache.catalina.core.StandardWrapper.initServlet(StandardWrapper.java:1231) [catalina.jar:8.0.23]
	at org.apache.catalina.core.StandardWrapper.loadServlet(StandardWrapper.java:1144) [catalina.jar:8.0.23]
	at org.apache.catalina.core.StandardWrapper.load(StandardWrapper.java:1031) [catalina.jar:8.0.23]
	at org.apache.catalina.core.StandardContext.loadOnStartup(StandardContext.java:4914) [catalina.jar:8.0.23]
	at org.apache.catalina.core.StandardContext.startInternal(StandardContext.java:5201) [catalina.jar:8.0.23]
	at org.apache.catalina.util.LifecycleBase.start(LifecycleBase.java:150) [catalina.jar:8.0.23]
	at org.apache.catalina.core.ContainerBase$StartChild.call(ContainerBase.java:1409) [catalina.jar:8.0.23]
	at org.apache.catalina.core.ContainerBase$StartChild.call(ContainerBase.java:1399) [catalina.jar:8.0.23]
	at java.util.concurrent.FutureTask.run(Unknown Source) [na:1.8.0_31]
	at java.util.concurrent.ThreadPoolExecutor.runWorker(Unknown Source) [na:1.8.0_31]
	at java.util.concurrent.ThreadPoolExecutor$Worker.run(Unknown Source) [na:1.8.0_31]
	at java.lang.Thread.run(Unknown Source) [na:1.8.0_31]
Caused by: java.io.FileNotFoundException: Could not open ServletContext resource [/WEB-INF/spesa-servlet.xml]
	at org.springframework.web.context.support.ServletContextResource.getInputStream(ServletContextResource.java:141) ~[spring-web-4.0.0.RELEASE.jar:4.0.0.RELEASE]
	at org.springframework.beans.factory.xml.XmlBeanDefinitionReader.loadBeanDefinitions(XmlBeanDefinitionReader.java:329) ~[spring-beans-4.0.0.RELEASE.jar:4.0.0.RELEASE]
	... 28 common frames omitted
2018-05-20 16:49:46 - Context initialization failed
 ERRORorg.springframework.beans.factory.BeanDefinitionStoreException: IOException parsing XML document from ServletContext resource [/WEB-INF/spesa-servlet.xml]; nested exception is java.io.FileNotFoundException: Could not open ServletContext resource [/WEB-INF/spesa-servlet.xml]
	at org.springframework.beans.factory.xml.XmlBeanDefinitionReader.loadBeanDefinitions(XmlBeanDefinitionReader.java:343) ~[spring-beans-4.0.0.RELEASE.jar:4.0.0.RELEASE]
	at org.springframework.beans.factory.xml.XmlBeanDefinitionReader.loadBeanDefinitions(XmlBeanDefinitionReader.java:303) ~[spring-beans-4.0.0.RELEASE.jar:4.0.0.RELEASE]
	at org.springframework.beans.factory.support.AbstractBeanDefinitionReader.loadBeanDefinitions(AbstractBeanDefinitionReader.java:180) ~[spring-beans-4.0.0.RELEASE.jar:4.0.0.RELEASE]
	at org.springframework.beans.factory.support.AbstractBeanDefinitionReader.loadBeanDefinitions(AbstractBeanDefinitionReader.java:216) ~[spring-beans-4.0.0.RELEASE.jar:4.0.0.RELEASE]
	at org.springframework.beans.factory.support.AbstractBeanDefinitionReader.loadBeanDefinitions(AbstractBeanDefinitionReader.java:187) ~[spring-beans-4.0.0.RELEASE.jar:4.0.0.RELEASE]
	at org.springframework.web.context.support.XmlWebApplicationContext.loadBeanDefinitions(XmlWebApplicationContext.java:125) ~[spring-web-4.0.0.RELEASE.jar:4.0.0.RELEASE]
	at org.springframework.web.context.support.XmlWebApplicationContext.loadBeanDefinitions(XmlWebApplicationContext.java:94) ~[spring-web-4.0.0.RELEASE.jar:4.0.0.RELEASE]
	at org.springframework.context.support.AbstractRefreshableApplicationContext.refreshBeanFactory(AbstractRefreshableApplicationContext.java:129) ~[spring-context-4.0.0.RELEASE.jar:4.0.0.RELEASE]
	at org.springframework.context.support.AbstractApplicationContext.obtainFreshBeanFactory(AbstractApplicationContext.java:540) ~[spring-context-4.0.0.RELEASE.jar:4.0.0.RELEASE]
	at org.springframework.context.support.AbstractApplicationContext.refresh(AbstractApplicationContext.java:454) ~[spring-context-4.0.0.RELEASE.jar:4.0.0.RELEASE]
	at org.springframework.web.servlet.FrameworkServlet.configureAndRefreshWebApplicationContext(FrameworkServlet.java:643) ~[spring-webmvc-4.0.0.RELEASE.jar:4.0.0.RELEASE]
	at org.springframework.web.servlet.FrameworkServlet.createWebApplicationContext(FrameworkServlet.java:606) ~[spring-webmvc-4.0.0.RELEASE.jar:4.0.0.RELEASE]
	at org.springframework.web.servlet.FrameworkServlet.createWebApplicationContext(FrameworkServlet.java:657) ~[spring-webmvc-4.0.0.RELEASE.jar:4.0.0.RELEASE]
	at org.springframework.web.servlet.FrameworkServlet.initWebApplicationContext(FrameworkServlet.java:525) ~[spring-webmvc-4.0.0.RELEASE.jar:4.0.0.RELEASE]
	at org.springframework.web.servlet.FrameworkServlet.initServletBean(FrameworkServlet.java:466) ~[spring-webmvc-4.0.0.RELEASE.jar:4.0.0.RELEASE]
	at org.springframework.web.servlet.HttpServletBean.init(HttpServletBean.java:136) [spring-webmvc-4.0.0.RELEASE.jar:4.0.0.RELEASE]
	at javax.servlet.GenericServlet.init(GenericServlet.java:158) [servlet-api.jar:3.1.FR]
	at org.apache.catalina.core.StandardWrapper.initServlet(StandardWrapper.java:1231) [catalina.jar:8.0.23]
	at org.apache.catalina.core.StandardWrapper.loadServlet(StandardWrapper.java:1144) [catalina.jar:8.0.23]
	at org.apache.catalina.core.StandardWrapper.load(StandardWrapper.java:1031) [catalina.jar:8.0.23]
	at org.apache.catalina.core.StandardContext.loadOnStartup(StandardContext.java:4914) [catalina.jar:8.0.23]
	at org.apache.catalina.core.StandardContext.startInternal(StandardContext.java:5201) [catalina.jar:8.0.23]
	at org.apache.catalina.util.LifecycleBase.start(LifecycleBase.java:150) [catalina.jar:8.0.23]
	at org.apache.catalina.core.ContainerBase$StartChild.call(ContainerBase.java:1409) [catalina.jar:8.0.23]
	at org.apache.catalina.core.ContainerBase$StartChild.call(ContainerBase.java:1399) [catalina.jar:8.0.23]
	at java.util.concurrent.FutureTask.run(Unknown Source) [na:1.8.0_31]
	at java.util.concurrent.ThreadPoolExecutor.runWorker(Unknown Source) [na:1.8.0_31]
	at java.util.concurrent.ThreadPoolExecutor$Worker.run(Unknown Source) [na:1.8.0_31]
	at java.lang.Thread.run(Unknown Source) [na:1.8.0_31]
Caused by: java.io.FileNotFoundException: Could not open ServletContext resource [/WEB-INF/spesa-servlet.xml]
	at org.springframework.web.context.support.ServletContextResource.getInputStream(ServletContextResource.java:141) ~[spring-web-4.0.0.RELEASE.jar:4.0.0.RELEASE]
	at org.springframework.beans.factory.xml.XmlBeanDefinitionReader.loadBeanDefinitions(XmlBeanDefinitionReader.java:329) ~[spring-beans-4.0.0.RELEASE.jar:4.0.0.RELEASE]
	... 28 common frames omitted
2018-05-20 16:54:02 - Context initialization failed
 ERRORjava.lang.NoClassDefFoundError: org/apache/tiles/startup/BasicTilesInitializer
	at java.lang.Class.getDeclaredConstructors0(Native Method) ~[na:1.8.0_31]
	at java.lang.Class.privateGetDeclaredConstructors(Unknown Source) ~[na:1.8.0_31]
	at java.lang.Class.getDeclaredConstructors(Unknown Source) ~[na:1.8.0_31]
	at org.springframework.beans.factory.annotation.AutowiredAnnotationBeanPostProcessor.determineCandidateConstructors(AutowiredAnnotationBeanPostProcessor.java:234) ~[spring-beans-4.0.0.RELEASE.jar:4.0.0.RELEASE]
	at org.springframework.beans.factory.support.AbstractAutowireCapableBeanFactory.determineConstructorsFromBeanPostProcessors(AbstractAutowireCapableBeanFactory.java:1040) ~[spring-beans-4.0.0.RELEASE.jar:4.0.0.RELEASE]
	at org.springframework.beans.factory.support.AbstractAutowireCapableBeanFactory.createBeanInstance(AbstractAutowireCapableBeanFactory.java:1013) ~[spring-beans-4.0.0.RELEASE.jar:4.0.0.RELEASE]
	at org.springframework.beans.factory.support.AbstractAutowireCapableBeanFactory.doCreateBean(AbstractAutowireCapableBeanFactory.java:504) ~[spring-beans-4.0.0.RELEASE.jar:4.0.0.RELEASE]
	at org.springframework.beans.factory.support.AbstractAutowireCapableBeanFactory.createBean(AbstractAutowireCapableBeanFactory.java:475) ~[spring-beans-4.0.0.RELEASE.jar:4.0.0.RELEASE]
	at org.springframework.beans.factory.support.AbstractBeanFactory$1.getObject(AbstractBeanFactory.java:304) ~[spring-beans-4.0.0.RELEASE.jar:4.0.0.RELEASE]
	at org.springframework.beans.factory.support.DefaultSingletonBeanRegistry.getSingleton(DefaultSingletonBeanRegistry.java:228) ~[spring-beans-4.0.0.RELEASE.jar:4.0.0.RELEASE]
	at org.springframework.beans.factory.support.AbstractBeanFactory.doGetBean(AbstractBeanFactory.java:300) ~[spring-beans-4.0.0.RELEASE.jar:4.0.0.RELEASE]
	at org.springframework.beans.factory.support.AbstractBeanFactory.getBean(AbstractBeanFactory.java:195) ~[spring-beans-4.0.0.RELEASE.jar:4.0.0.RELEASE]
	at org.springframework.beans.factory.support.DefaultListableBeanFactory.preInstantiateSingletons(DefaultListableBeanFactory.java:700) ~[spring-beans-4.0.0.RELEASE.jar:4.0.0.RELEASE]
	at org.springframework.context.support.AbstractApplicationContext.finishBeanFactoryInitialization(AbstractApplicationContext.java:760) ~[spring-context-4.0.0.RELEASE.jar:4.0.0.RELEASE]
	at org.springframework.context.support.AbstractApplicationContext.refresh(AbstractApplicationContext.java:482) ~[spring-context-4.0.0.RELEASE.jar:4.0.0.RELEASE]
	at org.springframework.web.context.ContextLoader.configureAndRefreshWebApplicationContext(ContextLoader.java:381) ~[spring-web-4.0.0.RELEASE.jar:4.0.0.RELEASE]
	at org.springframework.web.context.ContextLoader.initWebApplicationContext(ContextLoader.java:293) ~[spring-web-4.0.0.RELEASE.jar:4.0.0.RELEASE]
	at org.springframework.web.context.ContextLoaderListener.contextInitialized(ContextLoaderListener.java:106) [spring-web-4.0.0.RELEASE.jar:4.0.0.RELEASE]
	at org.apache.catalina.core.StandardContext.listenerStart(StandardContext.java:4729) [catalina.jar:8.0.23]
	at org.apache.catalina.core.StandardContext.startInternal(StandardContext.java:5167) [catalina.jar:8.0.23]
	at org.apache.catalina.util.LifecycleBase.start(LifecycleBase.java:150) [catalina.jar:8.0.23]
	at org.apache.catalina.core.ContainerBase$StartChild.call(ContainerBase.java:1409) [catalina.jar:8.0.23]
	at org.apache.catalina.core.ContainerBase$StartChild.call(ContainerBase.java:1399) [catalina.jar:8.0.23]
	at java.util.concurrent.FutureTask.run(Unknown Source) [na:1.8.0_31]
	at java.util.concurrent.ThreadPoolExecutor.runWorker(Unknown Source) [na:1.8.0_31]
	at java.util.concurrent.ThreadPoolExecutor$Worker.run(Unknown Source) [na:1.8.0_31]
	at java.lang.Thread.run(Unknown Source) [na:1.8.0_31]
Caused by: java.lang.ClassNotFoundException: org.apache.tiles.startup.BasicTilesInitializer
	at org.apache.catalina.loader.WebappClassLoaderBase.loadClass(WebappClassLoaderBase.java:1305) ~[catalina.jar:8.0.23]
	at org.apache.catalina.loader.WebappClassLoaderBase.loadClass(WebappClassLoaderBase.java:1157) ~[catalina.jar:8.0.23]
	... 27 common frames omitted
2018-05-20 16:56:04 - Context initialization failed
 ERRORjava.lang.NoClassDefFoundError: org/apache/tiles/startup/BasicTilesInitializer
	at java.lang.Class.getDeclaredConstructors0(Native Method) ~[na:1.8.0_31]
	at java.lang.Class.privateGetDeclaredConstructors(Unknown Source) ~[na:1.8.0_31]
	at java.lang.Class.getDeclaredConstructors(Unknown Source) ~[na:1.8.0_31]
	at org.springframework.beans.factory.annotation.AutowiredAnnotationBeanPostProcessor.determineCandidateConstructors(AutowiredAnnotationBeanPostProcessor.java:234) ~[spring-beans-4.0.0.RELEASE.jar:4.0.0.RELEASE]
	at org.springframework.beans.factory.support.AbstractAutowireCapableBeanFactory.determineConstructorsFromBeanPostProcessors(AbstractAutowireCapableBeanFactory.java:1040) ~[spring-beans-4.0.0.RELEASE.jar:4.0.0.RELEASE]
	at org.springframework.beans.factory.support.AbstractAutowireCapableBeanFactory.createBeanInstance(AbstractAutowireCapableBeanFactory.java:1013) ~[spring-beans-4.0.0.RELEASE.jar:4.0.0.RELEASE]
	at org.springframework.beans.factory.support.AbstractAutowireCapableBeanFactory.doCreateBean(AbstractAutowireCapableBeanFactory.java:504) ~[spring-beans-4.0.0.RELEASE.jar:4.0.0.RELEASE]
	at org.springframework.beans.factory.support.AbstractAutowireCapableBeanFactory.createBean(AbstractAutowireCapableBeanFactory.java:475) ~[spring-beans-4.0.0.RELEASE.jar:4.0.0.RELEASE]
	at org.springframework.beans.factory.support.AbstractBeanFactory$1.getObject(AbstractBeanFactory.java:304) ~[spring-beans-4.0.0.RELEASE.jar:4.0.0.RELEASE]
	at org.springframework.beans.factory.support.DefaultSingletonBeanRegistry.getSingleton(DefaultSingletonBeanRegistry.java:228) ~[spring-beans-4.0.0.RELEASE.jar:4.0.0.RELEASE]
	at org.springframework.beans.factory.support.AbstractBeanFactory.doGetBean(AbstractBeanFactory.java:300) ~[spring-beans-4.0.0.RELEASE.jar:4.0.0.RELEASE]
	at org.springframework.beans.factory.support.AbstractBeanFactory.getBean(AbstractBeanFactory.java:195) ~[spring-beans-4.0.0.RELEASE.jar:4.0.0.RELEASE]
	at org.springframework.beans.factory.support.DefaultListableBeanFactory.preInstantiateSingletons(DefaultListableBeanFactory.java:700) ~[spring-beans-4.0.0.RELEASE.jar:4.0.0.RELEASE]
	at org.springframework.context.support.AbstractApplicationContext.finishBeanFactoryInitialization(AbstractApplicationContext.java:760) ~[spring-context-4.0.0.RELEASE.jar:4.0.0.RELEASE]
	at org.springframework.context.support.AbstractApplicationContext.refresh(AbstractApplicationContext.java:482) ~[spring-context-4.0.0.RELEASE.jar:4.0.0.RELEASE]
	at org.springframework.web.context.ContextLoader.configureAndRefreshWebApplicationContext(ContextLoader.java:381) ~[spring-web-4.0.0.RELEASE.jar:4.0.0.RELEASE]
	at org.springframework.web.context.ContextLoader.initWebApplicationContext(ContextLoader.java:293) ~[spring-web-4.0.0.RELEASE.jar:4.0.0.RELEASE]
	at org.springframework.web.context.ContextLoaderListener.contextInitialized(ContextLoaderListener.java:106) [spring-web-4.0.0.RELEASE.jar:4.0.0.RELEASE]
	at org.apache.catalina.core.StandardContext.listenerStart(StandardContext.java:4729) [catalina.jar:8.0.23]
	at org.apache.catalina.core.StandardContext.startInternal(StandardContext.java:5167) [catalina.jar:8.0.23]
	at org.apache.catalina.util.LifecycleBase.start(LifecycleBase.java:150) [catalina.jar:8.0.23]
	at org.apache.catalina.core.ContainerBase$StartChild.call(ContainerBase.java:1409) [catalina.jar:8.0.23]
	at org.apache.catalina.core.ContainerBase$StartChild.call(ContainerBase.java:1399) [catalina.jar:8.0.23]
	at java.util.concurrent.FutureTask.run(Unknown Source) [na:1.8.0_31]
	at java.util.concurrent.ThreadPoolExecutor.runWorker(Unknown Source) [na:1.8.0_31]
	at java.util.concurrent.ThreadPoolExecutor$Worker.run(Unknown Source) [na:1.8.0_31]
	at java.lang.Thread.run(Unknown Source) [na:1.8.0_31]
Caused by: java.lang.ClassNotFoundException: org.apache.tiles.startup.BasicTilesInitializer
	at org.apache.catalina.loader.WebappClassLoaderBase.loadClass(WebappClassLoaderBase.java:1305) ~[catalina.jar:8.0.23]
	at org.apache.catalina.loader.WebappClassLoaderBase.loadClass(WebappClassLoaderBase.java:1157) ~[catalina.jar:8.0.23]
	... 27 common frames omitted
2018-05-20 16:59:19 - Context initialization failed
 ERRORjava.lang.NoClassDefFoundError: org/apache/tiles/startup/BasicTilesInitializer
	at java.lang.Class.getDeclaredConstructors0(Native Method) ~[na:1.8.0_31]
	at java.lang.Class.privateGetDeclaredConstructors(Unknown Source) ~[na:1.8.0_31]
	at java.lang.Class.getDeclaredConstructors(Unknown Source) ~[na:1.8.0_31]
	at org.springframework.beans.factory.annotation.AutowiredAnnotationBeanPostProcessor.determineCandidateConstructors(AutowiredAnnotationBeanPostProcessor.java:234) ~[spring-beans-4.0.0.RELEASE.jar:4.0.0.RELEASE]
	at org.springframework.beans.factory.support.AbstractAutowireCapableBeanFactory.determineConstructorsFromBeanPostProcessors(AbstractAutowireCapableBeanFactory.java:1040) ~[spring-beans-4.0.0.RELEASE.jar:4.0.0.RELEASE]
	at org.springframework.beans.factory.support.AbstractAutowireCapableBeanFactory.createBeanInstance(AbstractAutowireCapableBeanFactory.java:1013) ~[spring-beans-4.0.0.RELEASE.jar:4.0.0.RELEASE]
	at org.springframework.beans.factory.support.AbstractAutowireCapableBeanFactory.doCreateBean(AbstractAutowireCapableBeanFactory.java:504) ~[spring-beans-4.0.0.RELEASE.jar:4.0.0.RELEASE]
	at org.springframework.beans.factory.support.AbstractAutowireCapableBeanFactory.createBean(AbstractAutowireCapableBeanFactory.java:475) ~[spring-beans-4.0.0.RELEASE.jar:4.0.0.RELEASE]
	at org.springframework.beans.factory.support.AbstractBeanFactory$1.getObject(AbstractBeanFactory.java:304) ~[spring-beans-4.0.0.RELEASE.jar:4.0.0.RELEASE]
	at org.springframework.beans.factory.support.DefaultSingletonBeanRegistry.getSingleton(DefaultSingletonBeanRegistry.java:228) ~[spring-beans-4.0.0.RELEASE.jar:4.0.0.RELEASE]
	at org.springframework.beans.factory.support.AbstractBeanFactory.doGetBean(AbstractBeanFactory.java:300) ~[spring-beans-4.0.0.RELEASE.jar:4.0.0.RELEASE]
	at org.springframework.beans.factory.support.AbstractBeanFactory.getBean(AbstractBeanFactory.java:195) ~[spring-beans-4.0.0.RELEASE.jar:4.0.0.RELEASE]
	at org.springframework.beans.factory.support.DefaultListableBeanFactory.preInstantiateSingletons(DefaultListableBeanFactory.java:700) ~[spring-beans-4.0.0.RELEASE.jar:4.0.0.RELEASE]
	at org.springframework.context.support.AbstractApplicationContext.finishBeanFactoryInitialization(AbstractApplicationContext.java:760) ~[spring-context-4.0.0.RELEASE.jar:4.0.0.RELEASE]
	at org.springframework.context.support.AbstractApplicationContext.refresh(AbstractApplicationContext.java:482) ~[spring-context-4.0.0.RELEASE.jar:4.0.0.RELEASE]
	at org.springframework.web.context.ContextLoader.configureAndRefreshWebApplicationContext(ContextLoader.java:381) ~[spring-web-4.0.0.RELEASE.jar:4.0.0.RELEASE]
	at org.springframework.web.context.ContextLoader.initWebApplicationContext(ContextLoader.java:293) ~[spring-web-4.0.0.RELEASE.jar:4.0.0.RELEASE]
	at org.springframework.web.context.ContextLoaderListener.contextInitialized(ContextLoaderListener.java:106) [spring-web-4.0.0.RELEASE.jar:4.0.0.RELEASE]
	at org.apache.catalina.core.StandardContext.listenerStart(StandardContext.java:4729) [catalina.jar:8.0.23]
	at org.apache.catalina.core.StandardContext.startInternal(StandardContext.java:5167) [catalina.jar:8.0.23]
	at org.apache.catalina.util.LifecycleBase.start(LifecycleBase.java:150) [catalina.jar:8.0.23]
	at org.apache.catalina.core.ContainerBase$StartChild.call(ContainerBase.java:1409) [catalina.jar:8.0.23]
	at org.apache.catalina.core.ContainerBase$StartChild.call(ContainerBase.java:1399) [catalina.jar:8.0.23]
	at java.util.concurrent.FutureTask.run(Unknown Source) [na:1.8.0_31]
	at java.util.concurrent.ThreadPoolExecutor.runWorker(Unknown Source) [na:1.8.0_31]
	at java.util.concurrent.ThreadPoolExecutor$Worker.run(Unknown Source) [na:1.8.0_31]
	at java.lang.Thread.run(Unknown Source) [na:1.8.0_31]
Caused by: java.lang.ClassNotFoundException: org.apache.tiles.startup.BasicTilesInitializer
	at org.apache.catalina.loader.WebappClassLoaderBase.loadClass(WebappClassLoaderBase.java:1305) ~[catalina.jar:8.0.23]
	at org.apache.catalina.loader.WebappClassLoaderBase.loadClass(WebappClassLoaderBase.java:1157) ~[catalina.jar:8.0.23]
	... 27 common frames omitted
2018-05-20 17:02:49 - Context initialization failed
 ERRORorg.springframework.beans.factory.BeanDefinitionStoreException: IOException parsing XML document from ServletContext resource [/WEB-INF/spesa-servlet.xml]; nested exception is java.io.FileNotFoundException: Could not open ServletContext resource [/WEB-INF/spesa-servlet.xml]
	at org.springframework.beans.factory.xml.XmlBeanDefinitionReader.loadBeanDefinitions(XmlBeanDefinitionReader.java:343) ~[spring-beans-4.0.0.RELEASE.jar:4.0.0.RELEASE]
	at org.springframework.beans.factory.xml.XmlBeanDefinitionReader.loadBeanDefinitions(XmlBeanDefinitionReader.java:303) ~[spring-beans-4.0.0.RELEASE.jar:4.0.0.RELEASE]
	at org.springframework.beans.factory.support.AbstractBeanDefinitionReader.loadBeanDefinitions(AbstractBeanDefinitionReader.java:180) ~[spring-beans-4.0.0.RELEASE.jar:4.0.0.RELEASE]
	at org.springframework.beans.factory.support.AbstractBeanDefinitionReader.loadBeanDefinitions(AbstractBeanDefinitionReader.java:216) ~[spring-beans-4.0.0.RELEASE.jar:4.0.0.RELEASE]
	at org.springframework.beans.factory.support.AbstractBeanDefinitionReader.loadBeanDefinitions(AbstractBeanDefinitionReader.java:187) ~[spring-beans-4.0.0.RELEASE.jar:4.0.0.RELEASE]
	at org.springframework.web.context.support.XmlWebApplicationContext.loadBeanDefinitions(XmlWebApplicationContext.java:125) ~[spring-web-4.0.0.RELEASE.jar:4.0.0.RELEASE]
	at org.springframework.web.context.support.XmlWebApplicationContext.loadBeanDefinitions(XmlWebApplicationContext.java:94) ~[spring-web-4.0.0.RELEASE.jar:4.0.0.RELEASE]
	at org.springframework.context.support.AbstractRefreshableApplicationContext.refreshBeanFactory(AbstractRefreshableApplicationContext.java:129) ~[spring-context-4.0.0.RELEASE.jar:4.0.0.RELEASE]
	at org.springframework.context.support.AbstractApplicationContext.obtainFreshBeanFactory(AbstractApplicationContext.java:540) ~[spring-context-4.0.0.RELEASE.jar:4.0.0.RELEASE]
	at org.springframework.context.support.AbstractApplicationContext.refresh(AbstractApplicationContext.java:454) ~[spring-context-4.0.0.RELEASE.jar:4.0.0.RELEASE]
	at org.springframework.web.servlet.FrameworkServlet.configureAndRefreshWebApplicationContext(FrameworkServlet.java:643) ~[spring-webmvc-4.0.0.RELEASE.jar:4.0.0.RELEASE]
	at org.springframework.web.servlet.FrameworkServlet.createWebApplicationContext(FrameworkServlet.java:606) ~[spring-webmvc-4.0.0.RELEASE.jar:4.0.0.RELEASE]
	at org.springframework.web.servlet.FrameworkServlet.createWebApplicationContext(FrameworkServlet.java:657) ~[spring-webmvc-4.0.0.RELEASE.jar:4.0.0.RELEASE]
	at org.springframework.web.servlet.FrameworkServlet.initWebApplicationContext(FrameworkServlet.java:525) ~[spring-webmvc-4.0.0.RELEASE.jar:4.0.0.RELEASE]
	at org.springframework.web.servlet.FrameworkServlet.initServletBean(FrameworkServlet.java:466) ~[spring-webmvc-4.0.0.RELEASE.jar:4.0.0.RELEASE]
	at org.springframework.web.servlet.HttpServletBean.init(HttpServletBean.java:136) [spring-webmvc-4.0.0.RELEASE.jar:4.0.0.RELEASE]
	at javax.servlet.GenericServlet.init(GenericServlet.java:158) [servlet-api.jar:3.1.FR]
	at org.apache.catalina.core.StandardWrapper.initServlet(StandardWrapper.java:1231) [catalina.jar:8.0.23]
	at org.apache.catalina.core.StandardWrapper.loadServlet(StandardWrapper.java:1144) [catalina.jar:8.0.23]
	at org.apache.catalina.core.StandardWrapper.load(StandardWrapper.java:1031) [catalina.jar:8.0.23]
	at org.apache.catalina.core.StandardContext.loadOnStartup(StandardContext.java:4914) [catalina.jar:8.0.23]
	at org.apache.catalina.core.StandardContext.startInternal(StandardContext.java:5201) [catalina.jar:8.0.23]
	at org.apache.catalina.util.LifecycleBase.start(LifecycleBase.java:150) [catalina.jar:8.0.23]
	at org.apache.catalina.core.ContainerBase$StartChild.call(ContainerBase.java:1409) [catalina.jar:8.0.23]
	at org.apache.catalina.core.ContainerBase$StartChild.call(ContainerBase.java:1399) [catalina.jar:8.0.23]
	at java.util.concurrent.FutureTask.run(Unknown Source) [na:1.8.0_31]
	at java.util.concurrent.ThreadPoolExecutor.runWorker(Unknown Source) [na:1.8.0_31]
	at java.util.concurrent.ThreadPoolExecutor$Worker.run(Unknown Source) [na:1.8.0_31]
	at java.lang.Thread.run(Unknown Source) [na:1.8.0_31]
Caused by: java.io.FileNotFoundException: Could not open ServletContext resource [/WEB-INF/spesa-servlet.xml]
	at org.springframework.web.context.support.ServletContextResource.getInputStream(ServletContextResource.java:141) ~[spring-web-4.0.0.RELEASE.jar:4.0.0.RELEASE]
	at org.springframework.beans.factory.xml.XmlBeanDefinitionReader.loadBeanDefinitions(XmlBeanDefinitionReader.java:329) ~[spring-beans-4.0.0.RELEASE.jar:4.0.0.RELEASE]
	... 28 common frames omitted
2018-05-20 17:09:42 - Context initialization failed
 ERRORorg.springframework.beans.factory.BeanDefinitionStoreException: IOException parsing XML document from ServletContext resource [/WEB-INF/spesa-servlet.xml]; nested exception is java.io.FileNotFoundException: Could not open ServletContext resource [/WEB-INF/spesa-servlet.xml]
	at org.springframework.beans.factory.xml.XmlBeanDefinitionReader.loadBeanDefinitions(XmlBeanDefinitionReader.java:343) ~[spring-beans-4.0.0.RELEASE.jar:4.0.0.RELEASE]
	at org.springframework.beans.factory.xml.XmlBeanDefinitionReader.loadBeanDefinitions(XmlBeanDefinitionReader.java:303) ~[spring-beans-4.0.0.RELEASE.jar:4.0.0.RELEASE]
	at org.springframework.beans.factory.support.AbstractBeanDefinitionReader.loadBeanDefinitions(AbstractBeanDefinitionReader.java:180) ~[spring-beans-4.0.0.RELEASE.jar:4.0.0.RELEASE]
	at org.springframework.beans.factory.support.AbstractBeanDefinitionReader.loadBeanDefinitions(AbstractBeanDefinitionReader.java:216) ~[spring-beans-4.0.0.RELEASE.jar:4.0.0.RELEASE]
	at org.springframework.beans.factory.support.AbstractBeanDefinitionReader.loadBeanDefinitions(AbstractBeanDefinitionReader.java:187) ~[spring-beans-4.0.0.RELEASE.jar:4.0.0.RELEASE]
	at org.springframework.web.context.support.XmlWebApplicationContext.loadBeanDefinitions(XmlWebApplicationContext.java:125) ~[spring-web-4.0.0.RELEASE.jar:4.0.0.RELEASE]
	at org.springframework.web.context.support.XmlWebApplicationContext.loadBeanDefinitions(XmlWebApplicationContext.java:94) ~[spring-web-4.0.0.RELEASE.jar:4.0.0.RELEASE]
	at org.springframework.context.support.AbstractRefreshableApplicationContext.refreshBeanFactory(AbstractRefreshableApplicationContext.java:129) ~[spring-context-4.0.0.RELEASE.jar:4.0.0.RELEASE]
	at org.springframework.context.support.AbstractApplicationContext.obtainFreshBeanFactory(AbstractApplicationContext.java:540) ~[spring-context-4.0.0.RELEASE.jar:4.0.0.RELEASE]
	at org.springframework.context.support.AbstractApplicationContext.refresh(AbstractApplicationContext.java:454) ~[spring-context-4.0.0.RELEASE.jar:4.0.0.RELEASE]
	at org.springframework.web.servlet.FrameworkServlet.configureAndRefreshWebApplicationContext(FrameworkServlet.java:643) ~[spring-webmvc-4.0.0.RELEASE.jar:4.0.0.RELEASE]
	at org.springframework.web.servlet.FrameworkServlet.createWebApplicationContext(FrameworkServlet.java:606) ~[spring-webmvc-4.0.0.RELEASE.jar:4.0.0.RELEASE]
	at org.springframework.web.servlet.FrameworkServlet.createWebApplicationContext(FrameworkServlet.java:657) ~[spring-webmvc-4.0.0.RELEASE.jar:4.0.0.RELEASE]
	at org.springframework.web.servlet.FrameworkServlet.initWebApplicationContext(FrameworkServlet.java:525) ~[spring-webmvc-4.0.0.RELEASE.jar:4.0.0.RELEASE]
	at org.springframework.web.servlet.FrameworkServlet.initServletBean(FrameworkServlet.java:466) ~[spring-webmvc-4.0.0.RELEASE.jar:4.0.0.RELEASE]
	at org.springframework.web.servlet.HttpServletBean.init(HttpServletBean.java:136) [spring-webmvc-4.0.0.RELEASE.jar:4.0.0.RELEASE]
	at javax.servlet.GenericServlet.init(GenericServlet.java:158) [servlet-api.jar:3.1.FR]
	at org.apache.catalina.core.StandardWrapper.initServlet(StandardWrapper.java:1231) [catalina.jar:8.0.23]
	at org.apache.catalina.core.StandardWrapper.loadServlet(StandardWrapper.java:1144) [catalina.jar:8.0.23]
	at org.apache.catalina.core.StandardWrapper.load(StandardWrapper.java:1031) [catalina.jar:8.0.23]
	at org.apache.catalina.core.StandardContext.loadOnStartup(StandardContext.java:4914) [catalina.jar:8.0.23]
	at org.apache.catalina.core.StandardContext.startInternal(StandardContext.java:5201) [catalina.jar:8.0.23]
	at org.apache.catalina.util.LifecycleBase.start(LifecycleBase.java:150) [catalina.jar:8.0.23]
	at org.apache.catalina.core.ContainerBase$StartChild.call(ContainerBase.java:1409) [catalina.jar:8.0.23]
	at org.apache.catalina.core.ContainerBase$StartChild.call(ContainerBase.java:1399) [catalina.jar:8.0.23]
	at java.util.concurrent.FutureTask.run(Unknown Source) [na:1.8.0_31]
	at java.util.concurrent.ThreadPoolExecutor.runWorker(Unknown Source) [na:1.8.0_31]
	at java.util.concurrent.ThreadPoolExecutor$Worker.run(Unknown Source) [na:1.8.0_31]
	at java.lang.Thread.run(Unknown Source) [na:1.8.0_31]
Caused by: java.io.FileNotFoundException: Could not open ServletContext resource [/WEB-INF/spesa-servlet.xml]
	at org.springframework.web.context.support.ServletContextResource.getInputStream(ServletContextResource.java:141) ~[spring-web-4.0.0.RELEASE.jar:4.0.0.RELEASE]
	at org.springframework.beans.factory.xml.XmlBeanDefinitionReader.loadBeanDefinitions(XmlBeanDefinitionReader.java:329) ~[spring-beans-4.0.0.RELEASE.jar:4.0.0.RELEASE]
	... 28 common frames omitted
2018-05-20 17:34:10 - Invalid property 'userId' of bean class [com.spesa.form.LoginForm]: Bean property 'userId' is not readable or has an invalid getter method: Does the return type of the getter match the parameter type of the setter?
 ERRORorg.springframework.beans.NotReadablePropertyException: Invalid property 'userId' of bean class [com.spesa.form.LoginForm]: Bean property 'userId' is not readable or has an invalid getter method: Does the return type of the getter match the parameter type of the setter?
	at org.springframework.beans.BeanWrapperImpl.getPropertyValue(BeanWrapperImpl.java:723) ~[spring-beans-4.0.0.RELEASE.jar:4.0.0.RELEASE]
	at org.springframework.beans.BeanWrapperImpl.getPropertyValue(BeanWrapperImpl.java:714) ~[spring-beans-4.0.0.RELEASE.jar:4.0.0.RELEASE]
	at org.springframework.validation.AbstractPropertyBindingResult.getActualFieldValue(AbstractPropertyBindingResult.java:99) ~[spring-context-4.0.0.RELEASE.jar:4.0.0.RELEASE]
	at org.springframework.validation.AbstractBindingResult.getFieldValue(AbstractBindingResult.java:229) ~[spring-context-4.0.0.RELEASE.jar:4.0.0.RELEASE]
	at org.springframework.web.servlet.support.BindStatus.<init>(BindStatus.java:120) ~[spring-webmvc-4.0.0.RELEASE.jar:4.0.0.RELEASE]
	at org.springframework.web.servlet.tags.form.AbstractDataBoundFormElementTag.getBindStatus(AbstractDataBoundFormElementTag.java:168) ~[spring-webmvc-4.0.0.RELEASE.jar:4.0.0.RELEASE]
	at org.springframework.web.servlet.tags.form.AbstractDataBoundFormElementTag.getPropertyPath(AbstractDataBoundFormElementTag.java:188) ~[spring-webmvc-4.0.0.RELEASE.jar:4.0.0.RELEASE]
	at org.springframework.web.servlet.tags.form.AbstractDataBoundFormElementTag.getName(AbstractDataBoundFormElementTag.java:154) ~[spring-webmvc-4.0.0.RELEASE.jar:4.0.0.RELEASE]
	at org.springframework.web.servlet.tags.form.AbstractDataBoundFormElementTag.autogenerateId(AbstractDataBoundFormElementTag.java:141) ~[spring-webmvc-4.0.0.RELEASE.jar:4.0.0.RELEASE]
	at org.springframework.web.servlet.tags.form.AbstractDataBoundFormElementTag.resolveId(AbstractDataBoundFormElementTag.java:132) ~[spring-webmvc-4.0.0.RELEASE.jar:4.0.0.RELEASE]
	at org.springframework.web.servlet.tags.form.AbstractDataBoundFormElementTag.writeDefaultAttributes(AbstractDataBoundFormElementTag.java:116) ~[spring-webmvc-4.0.0.RELEASE.jar:4.0.0.RELEASE]
	at org.springframework.web.servlet.tags.form.AbstractHtmlElementTag.writeDefaultAttributes(AbstractHtmlElementTag.java:422) ~[spring-webmvc-4.0.0.RELEASE.jar:4.0.0.RELEASE]
	at org.springframework.web.servlet.tags.form.InputTag.writeTagContent(InputTag.java:142) ~[spring-webmvc-4.0.0.RELEASE.jar:4.0.0.RELEASE]
	at org.springframework.web.servlet.tags.form.AbstractFormTag.doStartTagInternal(AbstractFormTag.java:84) ~[spring-webmvc-4.0.0.RELEASE.jar:4.0.0.RELEASE]
	at org.springframework.web.servlet.tags.RequestContextAwareTag.doStartTag(RequestContextAwareTag.java:80) ~[spring-webmvc-4.0.0.RELEASE.jar:4.0.0.RELEASE]
	at org.apache.jsp.JSPs.login_jsp._jspx_meth_form_005finput_005f0(login_jsp.java:296) [SpesaWeb/:na]
	at org.apache.jsp.JSPs.login_jsp._jspx_meth_form_005fform_005f0(login_jsp.java:175) [SpesaWeb/:na]
	at org.apache.jsp.JSPs.login_jsp._jspService(login_jsp.java:118) [SpesaWeb/:na]
	at org.apache.jasper.runtime.HttpJspBase.service(HttpJspBase.java:70) [jasper.jar:8.0.23]
	at javax.servlet.http.HttpServlet.service(HttpServlet.java:729) [servlet-api.jar:na]
	at org.apache.jasper.servlet.JspServletWrapper.service(JspServletWrapper.java:438) [jasper.jar:8.0.23]
	at org.apache.jasper.servlet.JspServlet.serviceJspFile(JspServlet.java:396) [jasper.jar:8.0.23]
	at org.apache.jasper.servlet.JspServlet.service(JspServlet.java:340) [jasper.jar:8.0.23]
	at javax.servlet.http.HttpServlet.service(HttpServlet.java:729) [servlet-api.jar:na]
	at org.apache.catalina.core.ApplicationFilterChain.internalDoFilter(ApplicationFilterChain.java:291) [catalina.jar:8.0.23]
	at org.apache.catalina.core.ApplicationFilterChain.doFilter(ApplicationFilterChain.java:206) [catalina.jar:8.0.23]
	at org.apache.catalina.core.ApplicationDispatcher.invoke(ApplicationDispatcher.java:721) [catalina.jar:8.0.23]
	at org.apache.catalina.core.ApplicationDispatcher.doInclude(ApplicationDispatcher.java:584) [catalina.jar:8.0.23]
	at org.apache.catalina.core.ApplicationDispatcher.include(ApplicationDispatcher.java:523) [catalina.jar:8.0.23]
	at org.apache.jasper.runtime.JspRuntimeLibrary.include(JspRuntimeLibrary.java:934) [jasper.jar:8.0.23]
	at org.apache.jasper.runtime.PageContextImpl.doInclude(PageContextImpl.java:678) [jasper.jar:8.0.23]
	at org.apache.jasper.runtime.PageContextImpl.include(PageContextImpl.java:672) [jasper.jar:8.0.23]
	at org.apache.tiles.request.jsp.JspRequest.doInclude(JspRequest.java:123) [tiles-request-jsp-1.0.6.jar:1.0.6]
	at org.apache.tiles.request.AbstractViewRequest.dispatch(AbstractViewRequest.java:47) [tiles-request-api-1.0.6.jar:1.0.6]
	at org.apache.tiles.request.render.DispatchRenderer.render(DispatchRenderer.java:47) [tiles-request-api-1.0.6.jar:1.0.6]
	at org.apache.tiles.request.render.ChainedDelegateRenderer.render(ChainedDelegateRenderer.java:68) [tiles-request-api-1.0.6.jar:1.0.6]
	at org.apache.tiles.impl.BasicTilesContainer.render(BasicTilesContainer.java:259) [tiles-core-3.0.5.jar:3.0.5]
	at org.apache.tiles.template.InsertAttributeModel.renderAttribute(InsertAttributeModel.java:188) [tiles-template-3.0.5.jar:3.0.5]
	at org.apache.tiles.template.InsertAttributeModel.execute(InsertAttributeModel.java:132) [tiles-template-3.0.5.jar:3.0.5]
	at org.apache.tiles.jsp.taglib.InsertAttributeTag.doTag(InsertAttributeTag.java:299) [tiles-jsp-3.0.5.jar:3.0.5]
	at org.apache.jsp.JSPs.tiles.layout_jsp._jspx_meth_tiles_005finsertAttribute_005f2(layout_jsp.java:205) [SpesaWeb/:na]
	at org.apache.jsp.JSPs.tiles.layout_jsp._jspService(layout_jsp.java:127) [SpesaWeb/:na]
	at org.apache.jasper.runtime.HttpJspBase.service(HttpJspBase.java:70) [jasper.jar:8.0.23]
	at javax.servlet.http.HttpServlet.service(HttpServlet.java:729) [servlet-api.jar:na]
	at org.apache.jasper.servlet.JspServletWrapper.service(JspServletWrapper.java:438) [jasper.jar:8.0.23]
	at org.apache.jasper.servlet.JspServlet.serviceJspFile(JspServlet.java:396) [jasper.jar:8.0.23]
	at org.apache.jasper.servlet.JspServlet.service(JspServlet.java:340) [jasper.jar:8.0.23]
	at javax.servlet.http.HttpServlet.service(HttpServlet.java:729) [servlet-api.jar:na]
	at org.apache.catalina.core.ApplicationFilterChain.internalDoFilter(ApplicationFilterChain.java:291) [catalina.jar:8.0.23]
	at org.apache.catalina.core.ApplicationFilterChain.doFilter(ApplicationFilterChain.java:206) [catalina.jar:8.0.23]
	at org.apache.tomcat.websocket.server.WsFilter.doFilter(WsFilter.java:52) [tomcat-websocket.jar:8.0.23]
	at org.apache.catalina.core.ApplicationFilterChain.internalDoFilter(ApplicationFilterChain.java:239) [catalina.jar:8.0.23]
	at org.apache.catalina.core.ApplicationFilterChain.doFilter(ApplicationFilterChain.java:206) [catalina.jar:8.0.23]
	at org.apache.catalina.core.ApplicationDispatcher.invoke(ApplicationDispatcher.java:721) [catalina.jar:8.0.23]
	at org.apache.catalina.core.ApplicationDispatcher.processRequest(ApplicationDispatcher.java:466) [catalina.jar:8.0.23]
	at org.apache.catalina.core.ApplicationDispatcher.doForward(ApplicationDispatcher.java:391) [catalina.jar:8.0.23]
	at org.apache.catalina.core.ApplicationDispatcher.forward(ApplicationDispatcher.java:318) [catalina.jar:8.0.23]
	at org.apache.tiles.request.servlet.ServletRequest.forward(ServletRequest.java:265) [tiles-request-servlet-1.0.6.jar:1.0.6]
	at org.apache.tiles.request.servlet.ServletRequest.doForward(ServletRequest.java:228) [tiles-request-servlet-1.0.6.jar:1.0.6]
	at org.apache.tiles.request.AbstractClientRequest.dispatch(AbstractClientRequest.java:57) [tiles-request-api-1.0.6.jar:1.0.6]
	at org.apache.tiles.request.render.DispatchRenderer.render(DispatchRenderer.java:47) [tiles-request-api-1.0.6.jar:1.0.6]
	at org.apache.tiles.impl.BasicTilesContainer.render(BasicTilesContainer.java:259) [tiles-core-3.0.5.jar:3.0.5]
	at org.apache.tiles.impl.BasicTilesContainer.render(BasicTilesContainer.java:397) [tiles-core-3.0.5.jar:3.0.5]
	at org.apache.tiles.impl.BasicTilesContainer.render(BasicTilesContainer.java:238) [tiles-core-3.0.5.jar:3.0.5]
	at org.apache.tiles.impl.BasicTilesContainer.render(BasicTilesContainer.java:221) [tiles-core-3.0.5.jar:3.0.5]
	at org.apache.tiles.renderer.DefinitionRenderer.render(DefinitionRenderer.java:59) [tiles-core-3.0.5.jar:3.0.5]
	at org.springframework.web.servlet.view.tiles3.TilesView.renderMergedOutputModel(TilesView.java:114) [spring-webmvc-4.0.0.RELEASE.jar:4.0.0.RELEASE]
	at org.springframework.web.servlet.view.AbstractView.render(AbstractView.java:266) [spring-webmvc-4.0.0.RELEASE.jar:4.0.0.RELEASE]
	at org.springframework.web.servlet.DispatcherServlet.render(DispatcherServlet.java:1225) [spring-webmvc-4.0.0.RELEASE.jar:4.0.0.RELEASE]
	at org.springframework.web.servlet.DispatcherServlet.processDispatchResult(DispatcherServlet.java:1012) [spring-webmvc-4.0.0.RELEASE.jar:4.0.0.RELEASE]
	at org.springframework.web.servlet.DispatcherServlet.doDispatch(DispatcherServlet.java:959) [spring-webmvc-4.0.0.RELEASE.jar:4.0.0.RELEASE]
	at org.springframework.web.servlet.DispatcherServlet.doService(DispatcherServlet.java:876) [spring-webmvc-4.0.0.RELEASE.jar:4.0.0.RELEASE]
	at org.springframework.web.servlet.FrameworkServlet.processRequest(FrameworkServlet.java:931) [spring-webmvc-4.0.0.RELEASE.jar:4.0.0.RELEASE]
	at org.springframework.web.servlet.FrameworkServlet.doGet(FrameworkServlet.java:822) [spring-webmvc-4.0.0.RELEASE.jar:4.0.0.RELEASE]
	at javax.servlet.http.HttpServlet.service(HttpServlet.java:622) [servlet-api.jar:na]
	at org.springframework.web.servlet.FrameworkServlet.service(FrameworkServlet.java:807) [spring-webmvc-4.0.0.RELEASE.jar:4.0.0.RELEASE]
	at javax.servlet.http.HttpServlet.service(HttpServlet.java:729) [servlet-api.jar:na]
	at org.apache.catalina.core.ApplicationFilterChain.internalDoFilter(ApplicationFilterChain.java:291) [catalina.jar:8.0.23]
	at org.apache.catalina.core.ApplicationFilterChain.doFilter(ApplicationFilterChain.java:206) [catalina.jar:8.0.23]
	at org.apache.tomcat.websocket.server.WsFilter.doFilter(WsFilter.java:52) [tomcat-websocket.jar:8.0.23]
	at org.apache.catalina.core.ApplicationFilterChain.internalDoFilter(ApplicationFilterChain.java:239) [catalina.jar:8.0.23]
	at org.apache.catalina.core.ApplicationFilterChain.doFilter(ApplicationFilterChain.java:206) [catalina.jar:8.0.23]
	at org.apache.catalina.core.StandardWrapperValve.invoke(StandardWrapperValve.java:219) [catalina.jar:8.0.23]
	at org.apache.catalina.core.StandardContextValve.invoke(StandardContextValve.java:106) [catalina.jar:8.0.23]
	at org.apache.catalina.authenticator.AuthenticatorBase.invoke(AuthenticatorBase.java:502) [catalina.jar:8.0.23]
	at org.apache.catalina.core.StandardHostValve.invoke(StandardHostValve.java:142) [catalina.jar:8.0.23]
	at org.apache.catalina.valves.ErrorReportValve.invoke(ErrorReportValve.java:79) [catalina.jar:8.0.23]
	at org.apache.catalina.valves.AbstractAccessLogValve.invoke(AbstractAccessLogValve.java:617) [catalina.jar:8.0.23]
	at org.apache.catalina.core.StandardEngineValve.invoke(StandardEngineValve.java:88) [catalina.jar:8.0.23]
	at org.apache.catalina.connector.CoyoteAdapter.service(CoyoteAdapter.java:518) [catalina.jar:8.0.23]
	at org.apache.coyote.http11.AbstractHttp11Processor.process(AbstractHttp11Processor.java:1091) [tomcat-coyote.jar:8.0.23]
	at org.apache.coyote.AbstractProtocol$AbstractConnectionHandler.process(AbstractProtocol.java:668) [tomcat-coyote.jar:8.0.23]
	at org.apache.tomcat.util.net.NioEndpoint$SocketProcessor.doRun(NioEndpoint.java:1521) [tomcat-coyote.jar:8.0.23]
	at org.apache.tomcat.util.net.NioEndpoint$SocketProcessor.run(NioEndpoint.java:1478) [tomcat-coyote.jar:8.0.23]
	at java.util.concurrent.ThreadPoolExecutor.runWorker(Unknown Source) [na:1.8.0_31]
	at java.util.concurrent.ThreadPoolExecutor$Worker.run(Unknown Source) [na:1.8.0_31]
	at org.apache.tomcat.util.threads.TaskThread$WrappingRunnable.run(TaskThread.java:61) [tomcat-util.jar:8.0.23]
	at java.lang.Thread.run(Unknown Source) [na:1.8.0_31]
